2019-11-28 09:14:27,560 - [test_01_register.py-->line:104] - INFO: 注册成功: 正常，执行结果为：通过
2019-11-28 09:14:28,146 - [test_01_register.py-->line:104] - INFO: 注册成功: 投资人，执行结果为：通过
2019-11-28 09:14:28,742 - [test_01_register.py-->line:104] - INFO: 注册成功: 默认昵称，非管理员，执行结果为：通过
2019-11-28 09:14:28,932 - [test_01_register.py-->line:104] - INFO: 注册失败：手机号为空，执行结果为：通过
2019-11-28 09:14:29,469 - [test_01_register.py-->line:104] - INFO: 注册失败：密码为空，执行结果为：通过
2019-11-28 09:14:30,065 - [test_01_register.py-->line:104] - INFO: 注册失败：密码小于8位，执行结果为：通过
2019-11-28 09:14:30,647 - [test_01_register.py-->line:104] - INFO: 注册失败：密码大于16位，执行结果为：通过
2019-11-28 09:14:31,168 - [test_01_register.py-->line:104] - INFO: 注册失败：昵称长度超过10位，执行结果为：通过
2019-11-28 09:14:31,387 - [test_01_register.py-->line:104] - INFO: 注册失败：手机号已存在，执行结果为：通过
2019-11-28 09:14:31,559 - [test_01_register.py-->line:104] - INFO: 注册失败：手机号不合法，执行结果为：通过
2019-11-28 09:14:31,746 - [test_01_register.py-->line:95] - ERROR: {AssertionError('1 != 2 : 注册失败：手机号不合法，密码为空')}
2019-11-28 09:14:31,996 - [test_02_login.py-->line:106] - INFO: 登录成功: 正常，执行结果为：通过
2019-11-28 09:14:32,165 - [test_02_login.py-->line:97] - ERROR: {AssertionError('2 != 1 : 登录失败: 手机号为空')}
2019-11-28 09:14:32,337 - [test_02_login.py-->line:97] - ERROR: {AssertionError('2 != 1 : 登录失败: 密码为空')}
2019-11-28 09:14:32,525 - [test_02_login.py-->line:106] - INFO: 登录失败: 手机号错误，执行结果为：通过
2019-11-28 09:14:32,713 - [test_02_login.py-->line:106] - INFO: 登录失败: 密码错误，执行结果为：通过
2019-11-28 09:55:29,886 - [test_01_register.py-->line:104] - INFO: 注册成功: 正常，执行结果为：通过
2019-11-28 09:55:30,510 - [test_01_register.py-->line:104] - INFO: 注册成功: 投资人，执行结果为：通过
2019-11-28 09:55:31,174 - [test_01_register.py-->line:104] - INFO: 注册成功: 默认昵称，非管理员，执行结果为：通过
2019-11-28 09:55:31,309 - [test_01_register.py-->line:104] - INFO: 注册失败：手机号为空，执行结果为：通过
2019-11-28 09:55:31,869 - [test_01_register.py-->line:104] - INFO: 注册失败：密码为空，执行结果为：通过
2019-11-28 09:55:32,422 - [test_01_register.py-->line:104] - INFO: 注册失败：密码小于8位，执行结果为：通过
2019-11-28 09:55:33,019 - [test_01_register.py-->line:104] - INFO: 注册失败：密码大于16位，执行结果为：通过
2019-11-28 09:55:33,589 - [test_01_register.py-->line:104] - INFO: 注册失败：昵称长度超过10位，执行结果为：通过
2019-11-28 09:55:33,807 - [test_01_register.py-->line:104] - INFO: 注册失败：手机号已存在，执行结果为：通过
2019-11-28 09:55:33,993 - [test_01_register.py-->line:104] - INFO: 注册失败：手机号不合法，执行结果为：通过
2019-11-28 09:55:34,145 - [test_01_register.py-->line:95] - ERROR: {AssertionError('1 != 2 : 注册失败：手机号不合法，密码为空')}
2019-11-28 09:55:34,406 - [test_02_login.py-->line:106] - INFO: 登录成功: 正常，执行结果为：通过
2019-11-28 09:55:34,583 - [test_02_login.py-->line:97] - ERROR: {AssertionError('2 != 1 : 登录失败: 手机号为空')}
2019-11-28 09:55:34,731 - [test_02_login.py-->line:97] - ERROR: {AssertionError('2 != 1 : 登录失败: 密码为空')}
2019-11-28 09:55:34,871 - [test_02_login.py-->line:106] - INFO: 登录失败: 手机号错误，执行结果为：通过
2019-11-28 09:55:35,044 - [test_02_login.py-->line:106] - INFO: 登录失败: 密码错误，执行结果为：通过
2019-11-28 09:56:55,932 - [test_01_register.py-->line:104] - INFO: 注册成功: 正常，执行结果为：通过
2019-11-28 09:56:56,430 - [test_01_register.py-->line:104] - INFO: 注册成功: 投资人，执行结果为：通过
2019-11-28 09:56:56,936 - [test_01_register.py-->line:104] - INFO: 注册成功: 默认昵称，非管理员，执行结果为：通过
2019-11-28 09:56:57,098 - [test_01_register.py-->line:104] - INFO: 注册失败：手机号为空，执行结果为：通过
2019-11-28 09:56:57,619 - [test_01_register.py-->line:104] - INFO: 注册失败：密码为空，执行结果为：通过
2019-11-28 09:56:58,138 - [test_01_register.py-->line:104] - INFO: 注册失败：密码小于8位，执行结果为：通过
2019-11-28 09:56:58,677 - [test_01_register.py-->line:104] - INFO: 注册失败：密码大于16位，执行结果为：通过
2019-11-28 09:56:59,182 - [test_01_register.py-->line:104] - INFO: 注册失败：昵称长度超过10位，执行结果为：通过
2019-11-28 09:56:59,363 - [test_01_register.py-->line:104] - INFO: 注册失败：手机号已存在，执行结果为：通过
2019-11-28 09:56:59,517 - [test_01_register.py-->line:104] - INFO: 注册失败：手机号不合法，执行结果为：通过
2019-11-28 09:56:59,649 - [test_01_register.py-->line:95] - ERROR: {AssertionError('1 != 2 : 注册失败：手机号不合法，密码为空')}
2019-11-28 09:56:59,867 - [test_02_login.py-->line:106] - INFO: 登录成功: 正常，执行结果为：通过
2019-11-28 09:56:59,991 - [test_02_login.py-->line:97] - ERROR: {AssertionError('2 != 1 : 登录失败: 手机号为空')}
2019-11-28 09:57:00,132 - [test_02_login.py-->line:97] - ERROR: {AssertionError('2 != 1 : 登录失败: 密码为空')}
2019-11-28 09:57:00,257 - [test_02_login.py-->line:106] - INFO: 登录失败: 手机号错误，执行结果为：通过
2019-11-28 09:57:00,411 - [test_02_login.py-->line:106] - INFO: 登录失败: 密码错误，执行结果为：通过
2019-11-29 23:19:42,530 - [test_03_recharge.py-->line:116] - ERROR: {EqualsAssertionError(1003, 1, '充值失败: 会员id为空')}
2019-11-29 23:22:32,348 - [test_03_recharge.py-->line:116] - ERROR: {EqualsAssertionError(1003, 1, '充值失败: 会员id为空')}
2019-11-29 23:34:49,889 - [test_03_recharge.py-->line:116] - ERROR: {EqualsAssertionError(1003, 1, '充值失败: 会员id为空')}
2019-12-01 19:08:12,412 - [test_01_register.py-->line:104] - INFO: 注册成功: 正常，执行结果为：通过
2019-12-01 19:08:13,116 - [test_01_register.py-->line:104] - INFO: 注册成功: 投资人，执行结果为：通过
2019-12-01 19:08:13,750 - [test_01_register.py-->line:104] - INFO: 注册成功: 默认昵称，非管理员，执行结果为：通过
2019-12-01 19:08:14,017 - [test_01_register.py-->line:104] - INFO: 注册失败：手机号为空，执行结果为：通过
2019-12-01 19:08:14,613 - [test_01_register.py-->line:104] - INFO: 注册失败：密码为空，执行结果为：通过
2019-12-01 19:08:15,199 - [test_01_register.py-->line:104] - INFO: 注册失败：密码小于8位，执行结果为：通过
2019-12-01 19:08:15,804 - [test_01_register.py-->line:104] - INFO: 注册失败：密码大于16位，执行结果为：通过
2019-12-01 19:08:16,411 - [test_01_register.py-->line:104] - INFO: 注册失败：昵称长度超过10位，执行结果为：通过
2019-12-01 19:08:16,676 - [test_01_register.py-->line:104] - INFO: 注册失败：手机号已存在，执行结果为：通过
2019-12-01 19:08:16,926 - [test_01_register.py-->line:104] - INFO: 注册失败：手机号不合法，执行结果为：通过
2019-12-01 19:08:17,205 - [test_01_register.py-->line:95] - ERROR: {AssertionError('1 != 2 : 注册失败：手机号不合法，密码为空')}
2019-12-01 19:08:17,539 - [test_02_login.py-->line:106] - INFO: 登录成功: 正常，执行结果为：通过
2019-12-01 19:08:17,787 - [test_02_login.py-->line:97] - ERROR: {AssertionError('2 != 1 : 登录失败: 手机号为空')}
2019-12-01 19:08:18,054 - [test_02_login.py-->line:97] - ERROR: {AssertionError('2 != 1 : 登录失败: 密码为空')}
2019-12-01 19:08:18,307 - [test_02_login.py-->line:106] - INFO: 登录失败: 手机号错误，执行结果为：通过
2019-12-01 19:08:18,577 - [test_02_login.py-->line:106] - INFO: 登录失败: 密码错误，执行结果为：通过
2019-12-01 19:10:11,793 - [test_03_recharge.py-->line:116] - ERROR: {AssertionError('1003 != 1 : 充值失败: 会员id为空')}
2019-12-01 20:25:59,700 - [test_03_recharge.py-->line:116] - ERROR: {EqualsAssertionError(1003, 1, '充值失败: 金额为空')}
2019-12-01 20:25:59,877 - [test_03_recharge.py-->line:116] - ERROR: {EqualsAssertionError(1003, 2, '充值失败: 金额为负数')}
2019-12-01 20:26:00,058 - [test_03_recharge.py-->line:116] - ERROR: {EqualsAssertionError(1003, 2, '充值失败: 金额为小数点后三位')}
2019-12-01 20:26:00,244 - [test_03_recharge.py-->line:116] - ERROR: {EqualsAssertionError(1003, 2, '充值失败: 金额大于50万')}
2019-12-01 20:26:00,428 - [test_03_recharge.py-->line:116] - ERROR: {EqualsAssertionError(1003, 1, '充值失败: 会员id为空')}
2019-12-01 20:26:00,606 - [test_03_recharge.py-->line:116] - ERROR: {EqualsAssertionError(1003, 2, '充值失败: 会员id为字符串')}
2019-12-01 20:26:01,113 - [test_03_recharge.py-->line:116] - ERROR: {EqualsAssertionError(1003, 1001, '充值失败: 会员id不存在')}
2019-12-01 20:37:55,654 - [test_03_recharge.py-->line:130] - INFO: 正常登录，执行结果为：通过
2019-12-01 20:38:01,611 - [test_03_recharge.py-->line:116] - ERROR: {EqualsAssertionError(1003, 1, '充值失败: 金额为空')}
2019-12-01 20:38:01,989 - [test_03_recharge.py-->line:116] - ERROR: {EqualsAssertionError(1003, 2, '充值失败: 金额为负数')}
2019-12-01 20:38:02,374 - [test_03_recharge.py-->line:116] - ERROR: {EqualsAssertionError(1003, 2, '充值失败: 金额为小数点后三位')}
2019-12-01 20:38:02,747 - [test_03_recharge.py-->line:116] - ERROR: {EqualsAssertionError(1003, 2, '充值失败: 金额大于50万')}
2019-12-01 20:38:03,128 - [test_03_recharge.py-->line:116] - ERROR: {EqualsAssertionError(1003, 1, '充值失败: 会员id为空')}
2019-12-01 20:38:03,500 - [test_03_recharge.py-->line:116] - ERROR: {EqualsAssertionError(1003, 2, '充值失败: 会员id为字符串')}
2019-12-01 20:38:04,233 - [test_03_recharge.py-->line:116] - ERROR: {EqualsAssertionError(1003, 1001, '充值失败: 会员id不存在')}
2019-12-01 20:39:00,061 - [test_03_recharge.py-->line:130] - INFO: 正常登录，执行结果为：通过
2019-12-01 20:39:00,513 - [test_03_recharge.py-->line:116] - ERROR: {EqualsAssertionError(1003, 1, '充值失败: 金额为空')}
2019-12-01 20:39:00,689 - [test_03_recharge.py-->line:116] - ERROR: {EqualsAssertionError(1003, 2, '充值失败: 金额为负数')}
2019-12-01 20:39:00,878 - [test_03_recharge.py-->line:116] - ERROR: {EqualsAssertionError(1003, 2, '充值失败: 金额为小数点后三位')}
2019-12-01 20:39:01,050 - [test_03_recharge.py-->line:116] - ERROR: {EqualsAssertionError(1003, 2, '充值失败: 金额大于50万')}
2019-12-01 20:39:01,228 - [test_03_recharge.py-->line:116] - ERROR: {EqualsAssertionError(1003, 1, '充值失败: 会员id为空')}
2019-12-01 20:39:01,409 - [test_03_recharge.py-->line:116] - ERROR: {EqualsAssertionError(1003, 2, '充值失败: 会员id为字符串')}
2019-12-01 20:39:01,954 - [test_03_recharge.py-->line:116] - ERROR: {EqualsAssertionError(1003, 1001, '充值失败: 会员id不存在')}
2019-12-01 20:43:19,615 - [test_03_recharge.py-->line:130] - INFO: 正常登录，执行结果为：通过
2019-12-01 20:43:19,914 - [test_03_recharge.py-->line:116] - ERROR: {EqualsAssertionError(1003, 0, '充值成功: 金额为正整数')}
2019-12-01 20:43:20,214 - [test_03_recharge.py-->line:116] - ERROR: {EqualsAssertionError(1003, 0, '充值成功: 金额为小数点后一位')}
2019-12-01 20:43:20,530 - [test_03_recharge.py-->line:116] - ERROR: {EqualsAssertionError(1003, 0, '充值成功: 金额为小数点后两位')}
2019-12-01 20:43:20,830 - [test_03_recharge.py-->line:116] - ERROR: {EqualsAssertionError(1003, 0, '充值成功: 金额为0')}
2019-12-01 20:43:21,131 - [test_03_recharge.py-->line:116] - ERROR: {EqualsAssertionError(1003, 0, '充值成功: 金额为50万')}
2019-12-01 20:43:21,323 - [test_03_recharge.py-->line:116] - ERROR: {EqualsAssertionError(1003, 1, '充值失败: 金额为空')}
2019-12-01 20:43:21,518 - [test_03_recharge.py-->line:116] - ERROR: {EqualsAssertionError(1003, 2, '充值失败: 金额为负数')}
2019-12-01 20:43:21,711 - [test_03_recharge.py-->line:116] - ERROR: {EqualsAssertionError(1003, 2, '充值失败: 金额为小数点后三位')}
2019-12-01 20:43:21,899 - [test_03_recharge.py-->line:116] - ERROR: {EqualsAssertionError(1003, 2, '充值失败: 金额大于50万')}
2019-12-01 20:43:22,087 - [test_03_recharge.py-->line:116] - ERROR: {EqualsAssertionError(1003, 1, '充值失败: 会员id为空')}
2019-12-01 20:43:22,296 - [test_03_recharge.py-->line:116] - ERROR: {EqualsAssertionError(1003, 2, '充值失败: 会员id为字符串')}
2019-12-01 20:43:22,866 - [test_03_recharge.py-->line:116] - ERROR: {EqualsAssertionError(1003, 1001, '充值失败: 会员id不存在')}
2019-12-01 20:55:23,911 - [test_03_recharge.py-->line:130] - INFO: 正常登录，执行结果为：通过
2019-12-01 20:55:24,227 - [test_03_recharge.py-->line:116] - ERROR: {EqualsAssertionError(1003, 0, '充值成功: 金额为正整数')}
2019-12-01 20:55:24,539 - [test_03_recharge.py-->line:116] - ERROR: {EqualsAssertionError(1003, 0, '充值成功: 金额为小数点后一位')}
2019-12-01 20:55:24,829 - [test_03_recharge.py-->line:116] - ERROR: {EqualsAssertionError(1003, 0, '充值成功: 金额为小数点后两位')}
2019-12-01 20:55:25,116 - [test_03_recharge.py-->line:116] - ERROR: {EqualsAssertionError(1003, 0, '充值成功: 金额为0')}
2019-12-01 20:55:25,401 - [test_03_recharge.py-->line:116] - ERROR: {EqualsAssertionError(1003, 0, '充值成功: 金额为50万')}
2019-12-01 20:55:25,588 - [test_03_recharge.py-->line:116] - ERROR: {EqualsAssertionError(1003, 1, '充值失败: 金额为空')}
2019-12-01 20:55:25,769 - [test_03_recharge.py-->line:116] - ERROR: {EqualsAssertionError(1003, 2, '充值失败: 金额为负数')}
2019-12-01 20:55:25,961 - [test_03_recharge.py-->line:116] - ERROR: {EqualsAssertionError(1003, 2, '充值失败: 金额为小数点后三位')}
2019-12-01 20:55:26,157 - [test_03_recharge.py-->line:116] - ERROR: {EqualsAssertionError(1003, 2, '充值失败: 金额大于50万')}
2019-12-01 20:55:26,342 - [test_03_recharge.py-->line:116] - ERROR: {EqualsAssertionError(1003, 1, '充值失败: 会员id为空')}
2019-12-01 20:55:26,528 - [test_03_recharge.py-->line:116] - ERROR: {EqualsAssertionError(1003, 2, '充值失败: 会员id为字符串')}
2019-12-01 20:55:27,072 - [test_03_recharge.py-->line:116] - ERROR: {EqualsAssertionError(1003, 1001, '充值失败: 会员id不存在')}
2019-12-01 21:02:13,596 - [test_03_recharge.py-->line:130] - INFO: 正常登录，执行结果为：通过
2019-12-01 21:07:35,397 - [test_03_recharge.py-->line:130] - INFO: 正常登录，执行结果为：通过
2019-12-01 22:00:00,281 - [test_03_recharge.py-->line:115] - ERROR: {EqualsAssertionError(1003, 0, '充值成功: 金额为50万')}
2019-12-01 22:00:00,452 - [test_03_recharge.py-->line:115] - ERROR: {EqualsAssertionError(1003, 1, '充值失败: 金额为空')}
2019-12-01 22:00:00,608 - [test_03_recharge.py-->line:115] - ERROR: {EqualsAssertionError(1003, 2, '充值失败: 金额为负数')}
2019-12-01 22:00:00,747 - [test_03_recharge.py-->line:115] - ERROR: {EqualsAssertionError(1003, 2, '充值失败: 金额为小数点后三位')}
2019-12-01 22:00:00,887 - [test_03_recharge.py-->line:115] - ERROR: {EqualsAssertionError(1003, 2, '充值失败: 金额大于50万')}
2019-12-01 22:00:01,032 - [test_03_recharge.py-->line:115] - ERROR: {EqualsAssertionError(1003, 1, '充值失败: 会员id为空')}
2019-12-01 22:00:01,175 - [test_03_recharge.py-->line:115] - ERROR: {EqualsAssertionError(1003, 2, '充值失败: 会员id为字符串')}
2019-12-01 22:00:01,609 - [test_03_recharge.py-->line:115] - ERROR: {EqualsAssertionError(1003, 1001, '充值失败: 会员id不存在')}
2019-12-01 22:00:16,693 - [test_03_recharge.py-->line:129] - INFO: 正常登录，执行结果为：通过
2019-12-01 22:00:18,773 - [test_03_recharge.py-->line:115] - ERROR: {EqualsAssertionError(2, 1, '充值失败: 金额为空')}
2019-12-01 22:00:19,487 - [test_03_recharge.py-->line:115] - ERROR: {EqualsAssertionError(0, 2, '充值失败: 会员id为字符串')}
2019-12-01 22:00:19,931 - [test_03_recharge.py-->line:115] - ERROR: {EqualsAssertionError(1007, 1001, '充值失败: 会员id不存在')}
2019-12-01 22:02:07,141 - [test_03_recharge.py-->line:129] - INFO: 正常登录，执行结果为：通过
2019-12-01 22:02:09,006 - [test_03_recharge.py-->line:115] - ERROR: {EqualsAssertionError(2, 1, '充值失败: 金额为空')}
2019-12-01 22:02:09,725 - [test_03_recharge.py-->line:115] - ERROR: {EqualsAssertionError(0, 2, '充值失败: 会员id为字符串')}
2019-12-01 22:02:10,173 - [test_03_recharge.py-->line:115] - ERROR: {EqualsAssertionError(1007, 1001, '充值失败: 会员id不存在')}
2019-12-01 22:02:26,410 - [test_03_recharge.py-->line:129] - INFO: 正常登录，执行结果为：通过
2019-12-01 22:04:32,955 - [test_03_recharge.py-->line:132] - INFO: 正常登录，执行结果为：通过
2019-12-01 22:06:09,550 - [test_03_recharge.py-->line:118] - ERROR: {EqualsAssertionError(2, 1, '充值失败: 金额为空')}
2019-12-01 22:06:10,892 - [test_03_recharge.py-->line:118] - ERROR: {EqualsAssertionError(0, 2, '充值失败: 会员id为字符串')}
2019-12-01 22:06:11,480 - [test_03_recharge.py-->line:118] - ERROR: {EqualsAssertionError(1007, 1001, '充值失败: 会员id不存在')}
2019-12-01 22:06:20,153 - [test_03_recharge.py-->line:132] - INFO: 正常登录，执行结果为：通过
2019-12-01 22:06:22,043 - [test_03_recharge.py-->line:118] - ERROR: {EqualsAssertionError(2, 1, '充值失败: 金额为空')}
2019-12-01 22:06:22,753 - [test_03_recharge.py-->line:118] - ERROR: {EqualsAssertionError(0, 2, '充值失败: 会员id为字符串')}
2019-12-01 22:06:23,186 - [test_03_recharge.py-->line:118] - ERROR: {EqualsAssertionError(1007, 1001, '充值失败: 会员id不存在')}
2019-12-01 22:08:07,957 - [test_03_recharge.py-->line:132] - INFO: 正常登录，执行结果为：通过
2019-12-01 22:08:09,771 - [test_03_recharge.py-->line:118] - ERROR: {EqualsAssertionError(2, 1, '充值失败: 金额为空')}
2019-12-01 22:08:10,694 - [test_03_recharge.py-->line:118] - ERROR: {EqualsAssertionError(0, 2, '充值失败: 会员id为字符串')}
2019-12-01 22:08:11,229 - [test_03_recharge.py-->line:118] - ERROR: {EqualsAssertionError(1007, 1001, '充值失败: 会员id不存在')}
2019-12-01 22:09:55,595 - [test_03_recharge.py-->line:130] - INFO: 正常登录，执行结果为：通过
2019-12-01 22:09:57,610 - [test_03_recharge.py-->line:116] - ERROR: {EqualsAssertionError(2, 1, '充值失败: 金额为空')}
2019-12-01 22:09:58,573 - [test_03_recharge.py-->line:116] - ERROR: {EqualsAssertionError(0, 2, '充值失败: 会员id为字符串')}
2019-12-01 22:09:59,107 - [test_03_recharge.py-->line:116] - ERROR: {EqualsAssertionError(1007, 1001, '充值失败: 会员id不存在')}
2019-12-01 22:11:44,476 - [test_03_recharge.py-->line:130] - INFO: 正常登录，执行结果为：通过
2019-12-01 22:11:46,375 - [test_03_recharge.py-->line:116] - ERROR: {EqualsAssertionError(2, 1, '充值失败: 金额为空')}
2019-12-01 22:11:47,342 - [test_03_recharge.py-->line:116] - ERROR: {EqualsAssertionError(0, 2, '充值失败: 会员id为字符串')}
2019-12-01 22:11:47,886 - [test_03_recharge.py-->line:116] - ERROR: {EqualsAssertionError(1007, 1001, '充值失败: 会员id不存在')}
2019-12-01 22:18:41,800 - [test_03_recharge.py-->line:133] - INFO: 正常登录，执行结果为：通过
2019-12-01 22:18:43,524 - [test_03_recharge.py-->line:119] - ERROR: {EqualsAssertionError(2, 1, '充值失败: 金额为空')}
2019-12-01 22:18:44,237 - [test_03_recharge.py-->line:119] - ERROR: {EqualsAssertionError(0, 2, '充值失败: 会员id为字符串')}
2019-12-01 22:18:44,691 - [test_03_recharge.py-->line:119] - ERROR: {EqualsAssertionError(1007, 1001, '充值失败: 会员id不存在')}
2019-12-01 22:19:31,298 - [test_03_recharge.py-->line:133] - INFO: 正常登录，执行结果为：通过
2019-12-01 22:26:14,415 - [test_03_recharge.py-->line:133] - INFO: 正常登录，执行结果为：通过
2019-12-01 22:27:21,022 - [test_03_recharge.py-->line:119] - ERROR: {EqualsAssertionError(10.099999999627471, 10.1, None)}
2019-12-01 22:27:21,550 - [test_03_recharge.py-->line:119] - ERROR: {EqualsAssertionError(10.110000000335276, 10.11, None)}
2019-12-01 22:27:22,618 - [test_03_recharge.py-->line:119] - ERROR: {EqualsAssertionError(499999.99999999953, 500000, None)}
2019-12-01 22:27:22,889 - [test_03_recharge.py-->line:119] - ERROR: {EqualsAssertionError(2, 1, '充值失败: 金额为空')}
2019-12-01 22:27:24,268 - [test_03_recharge.py-->line:119] - ERROR: {EqualsAssertionError(0, 2, '充值失败: 会员id为字符串')}
2019-12-01 22:27:24,911 - [test_03_recharge.py-->line:119] - ERROR: {EqualsAssertionError(1007, 1001, '充值失败: 会员id不存在')}
2019-12-02 10:22:00,155 - [test_01_register.py-->line:104] - INFO: 注册成功: 正常，执行结果为：通过
2019-12-02 10:22:00,673 - [test_01_register.py-->line:104] - INFO: 注册成功: 投资人，执行结果为：通过
2019-12-02 10:22:01,199 - [test_01_register.py-->line:104] - INFO: 注册成功: 默认昵称，非管理员，执行结果为：通过
2019-12-02 10:22:01,348 - [test_01_register.py-->line:104] - INFO: 注册失败：手机号为空，执行结果为：通过
2019-12-02 10:22:01,859 - [test_01_register.py-->line:104] - INFO: 注册失败：密码为空，执行结果为：通过
2019-12-02 10:22:02,390 - [test_01_register.py-->line:104] - INFO: 注册失败：密码小于8位，执行结果为：通过
2019-12-02 10:22:02,905 - [test_01_register.py-->line:104] - INFO: 注册失败：密码大于16位，执行结果为：通过
2019-12-02 10:22:03,421 - [test_01_register.py-->line:104] - INFO: 注册失败：昵称长度超过10位，执行结果为：通过
2019-12-02 10:22:03,559 - [test_01_register.py-->line:104] - INFO: 注册失败：手机号已存在，执行结果为：通过
2019-12-02 10:22:03,691 - [test_01_register.py-->line:104] - INFO: 注册失败：手机号不合法，执行结果为：通过
2019-12-02 10:22:03,825 - [test_01_register.py-->line:95] - ERROR: {AssertionError('1 != 2 : 注册失败：手机号不合法，密码为空')}
2019-12-02 10:22:04,051 - [test_02_login.py-->line:106] - INFO: 登录成功: 正常，执行结果为：通过
2019-12-02 10:22:04,187 - [test_02_login.py-->line:97] - ERROR: {AssertionError('2 != 1 : 登录失败: 手机号为空')}
2019-12-02 10:22:04,325 - [test_02_login.py-->line:97] - ERROR: {AssertionError('2 != 1 : 登录失败: 密码为空')}
2019-12-02 10:22:04,463 - [test_02_login.py-->line:106] - INFO: 登录失败: 手机号错误，执行结果为：通过
2019-12-02 10:22:04,601 - [test_02_login.py-->line:106] - INFO: 登录失败: 密码错误，执行结果为：通过
2019-12-02 10:22:05,231 - [test_03_recharge.py-->line:133] - INFO: 正常登录，执行结果为：通过
2019-12-02 10:22:06,065 - [test_03_recharge.py-->line:119] - ERROR: {AssertionError('0.009999999999999787 != 0.01')}
2019-12-02 10:22:06,875 - [test_03_recharge.py-->line:119] - ERROR: {AssertionError('10.099999999976717 != 10.1')}
2019-12-02 10:22:07,497 - [test_03_recharge.py-->line:119] - ERROR: {AssertionError('10.10999999998603 != 10.11')}
2019-12-02 10:22:07,646 - [test_03_recharge.py-->line:119] - ERROR: {AssertionError('0 != 2 : 充值失败: 金额为0')}
2019-12-02 10:22:07,786 - [test_03_recharge.py-->line:119] - ERROR: {AssertionError('2 != 1 : 充值失败: 金额为空')}
2019-12-02 10:22:08,521 - [test_03_recharge.py-->line:119] - ERROR: {AssertionError('0 != 2 : 充值失败: 会员id为字符串')}
2019-12-02 10:22:09,021 - [test_03_recharge.py-->line:119] - ERROR: {AssertionError('1007 != 1001 : 充值失败: 会员id不存在')}
2019-12-02 10:56:53,546 - [test_03_recharge.py-->line:133] - INFO: 正常登录，执行结果为：通过
2019-12-02 10:56:54,352 - [test_03_recharge.py-->line:119] - ERROR: {EqualsAssertionError(0.010000000009313226, 0.01, None)}
2019-12-02 10:56:55,144 - [test_03_recharge.py-->line:119] - ERROR: {EqualsAssertionError(10.099999999976717, 10.1, None)}
2019-12-02 10:56:55,542 - [test_03_recharge.py-->line:119] - ERROR: {EqualsAssertionError(10.10999999998603, 10.11, None)}
2019-12-02 10:56:55,726 - [test_03_recharge.py-->line:119] - ERROR: {EqualsAssertionError(0, 2, '充值失败: 金额为0')}
2019-12-02 10:56:55,872 - [test_03_recharge.py-->line:119] - ERROR: {EqualsAssertionError(2, 1, '充值失败: 金额为空')}
2019-12-02 10:56:56,626 - [test_03_recharge.py-->line:119] - ERROR: {EqualsAssertionError(0, 2, '充值失败: 会员id为字符串')}
2019-12-02 10:56:57,148 - [test_03_recharge.py-->line:119] - ERROR: {EqualsAssertionError(1007, 1001, '充值失败: 会员id不存在')}
2019-12-02 11:30:02,703 - [test_03_recharge.py-->line:133] - INFO: 正常登录，执行结果为：通过
2019-12-02 11:31:03,160 - [test_03_recharge.py-->line:133] - INFO: 正常登录，执行结果为：通过
2019-12-02 11:35:52,266 - [test_03_recharge.py-->line:133] - INFO: 正常登录，执行结果为：通过
2019-12-02 11:41:12,094 - [test_03_recharge.py-->line:133] - INFO: 正常登录，执行结果为：通过
2019-12-02 11:41:14,251 - [test_03_recharge.py-->line:119] - ERROR: {EqualsAssertionError(0, 2, '充值失败: 金额为0')}
2019-12-02 11:41:14,394 - [test_03_recharge.py-->line:119] - ERROR: {EqualsAssertionError(2, 1, '充值失败: 金额为空')}
2019-12-02 11:41:15,094 - [test_03_recharge.py-->line:119] - ERROR: {EqualsAssertionError(0, 2, '充值失败: 会员id为字符串')}
2019-12-02 11:41:15,595 - [test_03_recharge.py-->line:119] - ERROR: {EqualsAssertionError(1007, 1001, '充值失败: 会员id不存在')}
2019-12-02 12:09:30,077 - [test_01_register.py-->line:104] - INFO: 注册成功: 正常，执行结果为：通过
2019-12-02 12:09:30,610 - [test_01_register.py-->line:104] - INFO: 注册成功: 投资人，执行结果为：通过
2019-12-02 12:09:31,108 - [test_01_register.py-->line:104] - INFO: 注册成功: 默认昵称，非管理员，执行结果为：通过
2019-12-02 12:09:31,252 - [test_01_register.py-->line:104] - INFO: 注册失败：手机号为空，执行结果为：通过
2019-12-02 12:09:31,749 - [test_01_register.py-->line:104] - INFO: 注册失败：密码为空，执行结果为：通过
2019-12-02 12:09:32,250 - [test_01_register.py-->line:104] - INFO: 注册失败：密码小于8位，执行结果为：通过
2019-12-02 12:09:32,795 - [test_01_register.py-->line:104] - INFO: 注册失败：密码大于16位，执行结果为：通过
2019-12-02 12:09:33,351 - [test_01_register.py-->line:104] - INFO: 注册失败：昵称长度超过10位，执行结果为：通过
2019-12-02 12:09:33,490 - [test_01_register.py-->line:104] - INFO: 注册失败：手机号已存在，执行结果为：通过
2019-12-02 12:09:33,637 - [test_01_register.py-->line:104] - INFO: 注册失败：手机号不合法，执行结果为：通过
2019-12-02 12:09:33,774 - [test_01_register.py-->line:95] - ERROR: {AssertionError('1 != 2 : 注册失败：手机号不合法，密码为空')}
2019-12-02 12:09:33,975 - [test_02_login.py-->line:106] - INFO: 登录成功: 正常，执行结果为：通过
2019-12-02 12:09:34,116 - [test_02_login.py-->line:97] - ERROR: {AssertionError('2 != 1 : 登录失败: 手机号为空')}
2019-12-02 12:09:34,258 - [test_02_login.py-->line:97] - ERROR: {AssertionError('2 != 1 : 登录失败: 密码为空')}
2019-12-02 12:09:34,399 - [test_02_login.py-->line:106] - INFO: 登录失败: 手机号错误，执行结果为：通过
2019-12-02 12:09:34,541 - [test_02_login.py-->line:106] - INFO: 登录失败: 密码错误，执行结果为：通过
2019-12-02 12:09:35,198 - [test_03_recharge.py-->line:133] - INFO: 正常登录，执行结果为：通过
2019-12-02 12:09:37,435 - [test_03_recharge.py-->line:119] - ERROR: {AssertionError('0 != 2 : 充值失败: 金额为0')}
2019-12-02 12:09:37,583 - [test_03_recharge.py-->line:119] - ERROR: {AssertionError('2 != 1 : 充值失败: 金额为空')}
2019-12-02 12:09:38,351 - [test_03_recharge.py-->line:119] - ERROR: {AssertionError('0 != 2 : 充值失败: 会员id为字符串')}
2019-12-02 12:26:59,631 - [test_01_register.py-->line:104] - INFO: 注册成功: 正常，执行结果为：通过
2019-12-02 12:27:00,152 - [test_01_register.py-->line:104] - INFO: 注册成功: 投资人，执行结果为：通过
2019-12-02 12:27:00,693 - [test_01_register.py-->line:104] - INFO: 注册成功: 默认昵称，非管理员，执行结果为：通过
2019-12-02 12:27:00,847 - [test_01_register.py-->line:104] - INFO: 注册失败：手机号为空，执行结果为：通过
2019-12-02 12:27:01,363 - [test_01_register.py-->line:104] - INFO: 注册失败：密码为空，执行结果为：通过
2019-12-02 12:27:01,885 - [test_01_register.py-->line:104] - INFO: 注册失败：密码小于8位，执行结果为：通过
2019-12-02 12:27:02,395 - [test_01_register.py-->line:104] - INFO: 注册失败：密码大于16位，执行结果为：通过
2019-12-02 12:27:02,910 - [test_01_register.py-->line:104] - INFO: 注册失败：昵称长度超过10位，执行结果为：通过
2019-12-02 12:27:03,055 - [test_01_register.py-->line:104] - INFO: 注册失败：手机号已存在，执行结果为：通过
2019-12-02 12:27:03,198 - [test_01_register.py-->line:104] - INFO: 注册失败：手机号不合法，执行结果为：通过
2019-12-02 12:27:03,342 - [test_01_register.py-->line:95] - ERROR: {AssertionError('1 != 2 : 注册失败：手机号不合法，密码为空')}
2019-12-02 12:27:03,554 - [test_02_login.py-->line:106] - INFO: 登录成功: 正常，执行结果为：通过
2019-12-02 12:27:03,693 - [test_02_login.py-->line:97] - ERROR: {AssertionError('2 != 1 : 登录失败: 手机号为空')}
2019-12-02 12:27:03,833 - [test_02_login.py-->line:97] - ERROR: {AssertionError('2 != 1 : 登录失败: 密码为空')}
2019-12-02 12:27:03,972 - [test_02_login.py-->line:106] - INFO: 登录失败: 手机号错误，执行结果为：通过
2019-12-02 12:27:04,114 - [test_02_login.py-->line:106] - INFO: 登录失败: 密码错误，执行结果为：通过
2019-12-02 12:27:04,568 - [test_03_recharge.py-->line:133] - INFO: 不登录：充值，执行结果为：通过
2019-12-02 12:27:04,726 - [test_03_recharge.py-->line:133] - INFO: 正常登录，执行结果为：通过
2019-12-02 12:27:05,113 - [test_03_recharge.py-->line:133] - INFO: 充值成功: 金额为正整数，执行结果为：通过
2019-12-02 12:27:05,500 - [test_03_recharge.py-->line:133] - INFO: 充值成功: 最小值0.01，执行结果为：通过
2019-12-02 12:27:05,883 - [test_03_recharge.py-->line:133] - INFO: 充值成功: 最大值50万，执行结果为：通过
2019-12-02 12:27:06,270 - [test_03_recharge.py-->line:133] - INFO: 充值成功: 金额为小数点后一位，执行结果为：通过
2019-12-02 12:27:06,658 - [test_03_recharge.py-->line:133] - INFO: 充值成功: 金额为小数点后两位，执行结果为：通过
2019-12-02 12:27:06,827 - [test_03_recharge.py-->line:124] - ERROR: {AssertionError('0 != 2 : 充值失败: 金额为0')}
2019-12-02 12:27:06,974 - [test_03_recharge.py-->line:124] - ERROR: {AssertionError('2 != 1 : 充值失败: 金额为空')}
2019-12-02 12:27:07,119 - [test_03_recharge.py-->line:133] - INFO: 充值失败: 金额为负数，执行结果为：通过
2019-12-02 12:27:07,268 - [test_03_recharge.py-->line:133] - INFO: 充值失败: 金额为小数点后三位，执行结果为：通过
2019-12-02 12:27:07,413 - [test_03_recharge.py-->line:133] - INFO: 充值失败: 金额大于50万，执行结果为：通过
2019-12-02 12:27:07,563 - [test_03_recharge.py-->line:133] - INFO: 充值失败: 会员id为空，执行结果为：通过
2019-12-02 12:27:07,722 - [test_03_recharge.py-->line:124] - ERROR: {AssertionError('0 != 2 : 充值失败: 会员id为字符串')}
2019-12-02 12:27:08,274 - [test_03_recharge.py-->line:133] - INFO: 充值失败: 会员id不存在，执行结果为：通过
2019-12-02 12:30:11,112 - [test_01_register.py-->line:104] - INFO: 注册成功: 正常，执行结果为：通过
2019-12-02 12:30:11,663 - [test_01_register.py-->line:104] - INFO: 注册成功: 投资人，执行结果为：通过
2019-12-02 12:30:12,179 - [test_01_register.py-->line:104] - INFO: 注册成功: 默认昵称，非管理员，执行结果为：通过
2019-12-02 12:30:12,320 - [test_01_register.py-->line:104] - INFO: 注册失败：手机号为空，执行结果为：通过
2019-12-02 12:30:12,856 - [test_01_register.py-->line:104] - INFO: 注册失败：密码为空，执行结果为：通过
2019-12-02 12:30:13,415 - [test_01_register.py-->line:104] - INFO: 注册失败：密码小于8位，执行结果为：通过
2019-12-02 12:30:13,923 - [test_01_register.py-->line:104] - INFO: 注册失败：密码大于16位，执行结果为：通过
2019-12-02 12:30:14,441 - [test_01_register.py-->line:104] - INFO: 注册失败：昵称长度超过10位，执行结果为：通过
2019-12-02 12:30:14,576 - [test_01_register.py-->line:104] - INFO: 注册失败：手机号已存在，执行结果为：通过
2019-12-02 12:30:14,712 - [test_01_register.py-->line:104] - INFO: 注册失败：手机号不合法，执行结果为：通过
2019-12-02 12:30:14,853 - [test_01_register.py-->line:95] - ERROR: {AssertionError('1 != 2 : 注册失败：手机号不合法，密码为空')}
2019-12-02 12:30:15,063 - [test_02_login.py-->line:106] - INFO: 登录成功: 正常，执行结果为：通过
2019-12-02 12:30:15,207 - [test_02_login.py-->line:97] - ERROR: {AssertionError('2 != 1 : 登录失败: 手机号为空')}
2019-12-02 12:30:15,351 - [test_02_login.py-->line:97] - ERROR: {AssertionError('2 != 1 : 登录失败: 密码为空')}
2019-12-02 12:30:15,493 - [test_02_login.py-->line:106] - INFO: 登录失败: 手机号错误，执行结果为：通过
2019-12-02 12:30:15,640 - [test_02_login.py-->line:106] - INFO: 登录失败: 密码错误，执行结果为：通过
2019-12-02 12:30:16,104 - [test_03_recharge.py-->line:133] - INFO: 不登录：充值，执行结果为：通过
2019-12-02 12:30:16,258 - [test_03_recharge.py-->line:133] - INFO: 正常登录，执行结果为：通过
2019-12-02 12:30:16,657 - [test_03_recharge.py-->line:133] - INFO: 充值成功: 金额为正整数，执行结果为：通过
2019-12-02 12:30:17,058 - [test_03_recharge.py-->line:133] - INFO: 充值成功: 最小值0.01，执行结果为：通过
2019-12-02 12:30:17,457 - [test_03_recharge.py-->line:133] - INFO: 充值成功: 最大值50万，执行结果为：通过
2019-12-02 12:30:17,855 - [test_03_recharge.py-->line:133] - INFO: 充值成功: 金额为小数点后一位，执行结果为：通过
2019-12-02 12:30:18,254 - [test_03_recharge.py-->line:133] - INFO: 充值成功: 金额为小数点后两位，执行结果为：通过
2019-12-02 12:30:18,403 - [test_03_recharge.py-->line:124] - ERROR: {AssertionError('0 != 2 : 充值失败: 金额为0')}
2019-12-02 12:30:18,538 - [test_03_recharge.py-->line:124] - ERROR: {AssertionError('2 != 1 : 充值失败: 金额为空')}
2019-12-02 12:30:18,688 - [test_03_recharge.py-->line:133] - INFO: 充值失败: 金额为负数，执行结果为：通过
2019-12-02 12:30:18,822 - [test_03_recharge.py-->line:133] - INFO: 充值失败: 金额为小数点后三位，执行结果为：通过
2019-12-02 12:30:18,956 - [test_03_recharge.py-->line:133] - INFO: 充值失败: 金额大于50万，执行结果为：通过
2019-12-02 12:30:19,098 - [test_03_recharge.py-->line:133] - INFO: 充值失败: 会员id为空，执行结果为：通过
2019-12-02 12:30:19,257 - [test_03_recharge.py-->line:124] - ERROR: {AssertionError('0 != 2 : 充值失败: 会员id为字符串')}
2019-12-02 12:30:19,779 - [test_03_recharge.py-->line:133] - INFO: 充值失败: 会员id不存在，执行结果为：通过
2019-12-02 13:41:53,732 - [test_03_recharge.py-->line:138] - INFO: 正常登录，执行结果为：通过
2019-12-02 13:41:54,147 - [test_03_recharge.py-->line:138] - INFO: 充值成功: 金额为正整数，执行结果为：通过
2019-12-02 13:41:54,576 - [test_03_recharge.py-->line:138] - INFO: 充值成功: 最小值0.01，执行结果为：通过
2019-12-02 13:41:54,997 - [test_03_recharge.py-->line:138] - INFO: 充值成功: 最大值50万，执行结果为：通过
2019-12-02 13:41:55,412 - [test_03_recharge.py-->line:138] - INFO: 充值成功: 金额为小数点后一位，执行结果为：通过
2019-12-02 13:41:55,831 - [test_03_recharge.py-->line:138] - INFO: 充值成功: 金额为小数点后两位，执行结果为：通过
2019-12-02 13:41:55,982 - [test_03_recharge.py-->line:124] - ERROR: {EqualsAssertionError(0, 2, '充值失败: 金额为0')}
2019-12-02 13:41:56,143 - [test_03_recharge.py-->line:124] - ERROR: {EqualsAssertionError(2, 1, '充值失败: 金额为空')}
2019-12-02 13:41:56,720 - [test_03_recharge.py-->line:124] - ERROR: {EqualsAssertionError(0, 2, '充值失败: 会员id为字符串')}
2019-12-02 13:42:24,393 - [test_03_recharge.py-->line:138] - INFO: 正常登录，执行结果为：通过
2019-12-02 13:42:24,785 - [test_03_recharge.py-->line:138] - INFO: 充值成功: 金额为正整数，执行结果为：通过
2019-12-02 13:42:25,169 - [test_03_recharge.py-->line:138] - INFO: 充值成功: 最小值0.01，执行结果为：通过
2019-12-02 13:42:25,563 - [test_03_recharge.py-->line:138] - INFO: 充值成功: 最大值50万，执行结果为：通过
2019-12-02 13:42:25,953 - [test_03_recharge.py-->line:138] - INFO: 充值成功: 金额为小数点后一位，执行结果为：通过
2019-12-02 13:42:26,335 - [test_03_recharge.py-->line:138] - INFO: 充值成功: 金额为小数点后两位，执行结果为：通过
2019-12-02 13:42:26,487 - [test_03_recharge.py-->line:124] - ERROR: {EqualsAssertionError(0, 2, '充值失败: 金额为0')}
2019-12-02 13:42:26,627 - [test_03_recharge.py-->line:124] - ERROR: {EqualsAssertionError(2, 1, '充值失败: 金额为空')}
2019-12-02 13:42:27,170 - [test_03_recharge.py-->line:124] - ERROR: {EqualsAssertionError(0, 2, '充值失败: 会员id为字符串')}
2019-12-02 13:47:26,754 - [test_03_recharge.py-->line:139] - INFO: 充值成功: 金额为小数点后一位，执行结果为：通过
2019-12-02 13:47:27,164 - [test_03_recharge.py-->line:139] - INFO: 充值成功: 金额为小数点后两位，执行结果为：通过
2019-12-02 13:47:27,311 - [test_03_recharge.py-->line:124] - ERROR: {EqualsAssertionError(0, 2, '充值失败: 金额为0')}
2019-12-02 13:47:27,456 - [test_03_recharge.py-->line:124] - ERROR: {EqualsAssertionError(2, 1, '充值失败: 金额为空')}
2019-12-02 13:47:28,022 - [test_03_recharge.py-->line:124] - ERROR: {EqualsAssertionError(0, 2, '充值失败: 会员id为字符串')}
2019-12-02 13:47:31,682 - [test_03_recharge.py-->line:139] - INFO: 正常登录，执行结果为：通过
2019-12-02 13:47:32,068 - [test_03_recharge.py-->line:139] - INFO: 充值成功: 金额为正整数，执行结果为：通过
2019-12-02 13:47:32,456 - [test_03_recharge.py-->line:139] - INFO: 充值成功: 最小值0.01，执行结果为：通过
2019-12-02 13:47:32,872 - [test_03_recharge.py-->line:139] - INFO: 充值成功: 最大值50万，执行结果为：通过
2019-12-02 13:47:33,259 - [test_03_recharge.py-->line:139] - INFO: 充值成功: 金额为小数点后一位，执行结果为：通过
2019-12-02 13:47:33,650 - [test_03_recharge.py-->line:139] - INFO: 充值成功: 金额为小数点后两位，执行结果为：通过
2019-12-02 13:47:33,806 - [test_03_recharge.py-->line:124] - ERROR: {EqualsAssertionError(0, 2, '充值失败: 金额为0')}
2019-12-02 13:47:33,949 - [test_03_recharge.py-->line:124] - ERROR: {EqualsAssertionError(2, 1, '充值失败: 金额为空')}
2019-12-02 13:47:34,527 - [test_03_recharge.py-->line:124] - ERROR: {EqualsAssertionError(0, 2, '充值失败: 会员id为字符串')}
2019-12-02 13:55:55,825 - [test_03_recharge.py-->line:139] - INFO: 不登录：充值，执行结果为：通过
2019-12-02 13:55:55,968 - [test_03_recharge.py-->line:139] - INFO: 正常登录，执行结果为：通过
2019-12-02 13:55:56,340 - [test_03_recharge.py-->line:139] - INFO: 充值成功: 金额为正整数，执行结果为：通过
2019-12-02 13:55:56,750 - [test_03_recharge.py-->line:139] - INFO: 充值成功: 最小值0.01，执行结果为：通过
2019-12-02 13:55:57,136 - [test_03_recharge.py-->line:139] - INFO: 充值成功: 最大值50万，执行结果为：通过
2019-12-02 13:55:57,512 - [test_03_recharge.py-->line:139] - INFO: 充值成功: 金额为小数点后一位，执行结果为：通过
2019-12-02 13:55:57,898 - [test_03_recharge.py-->line:139] - INFO: 充值成功: 金额为小数点后两位，执行结果为：通过
2019-12-02 13:55:58,044 - [test_03_recharge.py-->line:124] - ERROR: {EqualsAssertionError(0, 2, '充值失败: 金额为0')}
2019-12-02 13:55:58,190 - [test_03_recharge.py-->line:124] - ERROR: {EqualsAssertionError(2, 1, '充值失败: 金额为空')}
2019-12-02 13:55:58,328 - [test_03_recharge.py-->line:139] - INFO: 充值失败: 金额为负数，执行结果为：通过
2019-12-02 13:55:58,480 - [test_03_recharge.py-->line:139] - INFO: 充值失败: 金额为小数点后三位，执行结果为：通过
2019-12-02 13:55:58,620 - [test_03_recharge.py-->line:139] - INFO: 充值失败: 金额大于50万，执行结果为：通过
2019-12-02 13:55:58,770 - [test_03_recharge.py-->line:139] - INFO: 充值失败: 会员id为空，执行结果为：通过
2019-12-02 13:55:58,918 - [test_03_recharge.py-->line:124] - ERROR: {EqualsAssertionError(0, 2, '充值失败: 会员id为字符串')}
2019-12-02 13:55:59,461 - [test_03_recharge.py-->line:139] - INFO: 充值失败: 会员id不存在，执行结果为：通过
2019-12-02 13:58:37,407 - [test_01_register.py-->line:104] - INFO: 注册成功: 正常，执行结果为：通过
2019-12-02 13:58:37,921 - [test_01_register.py-->line:104] - INFO: 注册成功: 投资人，执行结果为：通过
2019-12-02 13:58:38,478 - [test_01_register.py-->line:104] - INFO: 注册成功: 默认昵称，非管理员，执行结果为：通过
2019-12-02 13:58:38,641 - [test_01_register.py-->line:104] - INFO: 注册失败：手机号为空，执行结果为：通过
2019-12-02 13:58:39,176 - [test_01_register.py-->line:104] - INFO: 注册失败：密码为空，执行结果为：通过
2019-12-02 13:58:39,676 - [test_01_register.py-->line:104] - INFO: 注册失败：密码小于8位，执行结果为：通过
2019-12-02 13:58:40,195 - [test_01_register.py-->line:104] - INFO: 注册失败：密码大于16位，执行结果为：通过
2019-12-02 13:58:40,706 - [test_01_register.py-->line:104] - INFO: 注册失败：昵称长度超过10位，执行结果为：通过
2019-12-02 13:58:40,864 - [test_01_register.py-->line:104] - INFO: 注册失败：手机号已存在，执行结果为：通过
2019-12-02 13:58:41,009 - [test_01_register.py-->line:104] - INFO: 注册失败：手机号不合法，执行结果为：通过
2019-12-02 13:58:41,154 - [test_01_register.py-->line:95] - ERROR: {AssertionError('1 != 2 : 注册失败：手机号不合法，密码为空')}
2019-12-02 13:58:41,371 - [test_02_login.py-->line:106] - INFO: 登录成功: 正常，执行结果为：通过
2019-12-02 13:58:41,512 - [test_02_login.py-->line:97] - ERROR: {AssertionError('2 != 1 : 登录失败: 手机号为空')}
2019-12-02 13:58:41,657 - [test_02_login.py-->line:97] - ERROR: {AssertionError('2 != 1 : 登录失败: 密码为空')}
2019-12-02 13:58:41,801 - [test_02_login.py-->line:106] - INFO: 登录失败: 手机号错误，执行结果为：通过
2019-12-02 13:58:41,950 - [test_02_login.py-->line:106] - INFO: 登录失败: 密码错误，执行结果为：通过
2019-12-02 13:58:42,427 - [test_03_recharge.py-->line:139] - INFO: 不登录：充值，执行结果为：通过
2019-12-02 13:58:42,585 - [test_03_recharge.py-->line:139] - INFO: 正常登录，执行结果为：通过
2019-12-02 13:58:42,984 - [test_03_recharge.py-->line:139] - INFO: 充值成功: 金额为正整数，执行结果为：通过
2019-12-02 13:58:43,381 - [test_03_recharge.py-->line:139] - INFO: 充值成功: 最小值0.01，执行结果为：通过
2019-12-02 13:58:43,780 - [test_03_recharge.py-->line:139] - INFO: 充值成功: 最大值50万，执行结果为：通过
2019-12-02 13:58:44,207 - [test_03_recharge.py-->line:139] - INFO: 充值成功: 金额为小数点后一位，执行结果为：通过
2019-12-02 13:58:44,613 - [test_03_recharge.py-->line:139] - INFO: 充值成功: 金额为小数点后两位，执行结果为：通过
2019-12-02 13:58:44,767 - [test_03_recharge.py-->line:124] - ERROR: {AssertionError('0 != 2 : 充值失败: 金额为0')}
2019-12-02 13:58:44,910 - [test_03_recharge.py-->line:124] - ERROR: {AssertionError('2 != 1 : 充值失败: 金额为空')}
2019-12-02 13:58:45,054 - [test_03_recharge.py-->line:139] - INFO: 充值失败: 金额为负数，执行结果为：通过
2019-12-02 13:58:45,213 - [test_03_recharge.py-->line:139] - INFO: 充值失败: 金额为小数点后三位，执行结果为：通过
2019-12-02 13:58:45,355 - [test_03_recharge.py-->line:139] - INFO: 充值失败: 金额大于50万，执行结果为：通过
2019-12-02 13:58:45,503 - [test_03_recharge.py-->line:139] - INFO: 充值失败: 会员id为空，执行结果为：通过
2019-12-02 13:58:45,656 - [test_03_recharge.py-->line:124] - ERROR: {AssertionError('0 != 2 : 充值失败: 会员id为字符串')}
2019-12-02 13:58:46,220 - [test_03_recharge.py-->line:139] - INFO: 充值失败: 会员id不存在，执行结果为：通过
2019-12-03 11:57:20,438 - [test_04_add.py-->line:96] - ERROR: {EqualsAssertionError(1003, 0, '正常登录')}
2019-12-03 11:57:20,595 - [test_04_add.py-->line:96] - ERROR: {EqualsAssertionError(1003, 1, '加标失败：用户ID为空')}
2019-12-03 11:59:20,274 - [test_04_add.py-->line:111] - INFO: 不登录：加标，执行结果为：通过
2019-12-03 11:59:20,424 - [test_04_add.py-->line:96] - ERROR: {EqualsAssertionError(1003, 0, '正常登录')}
2019-12-03 11:59:20,575 - [test_04_add.py-->line:96] - ERROR: {EqualsAssertionError(1003, 0, '加标成功')}
2019-12-03 11:59:20,730 - [test_04_add.py-->line:96] - ERROR: {EqualsAssertionError(1003, 1, '加标失败：用户ID为空')}
2019-12-03 11:59:20,882 - [test_04_add.py-->line:96] - ERROR: {EqualsAssertionError(1003, 1, '加标失败：标题为空')}
2019-12-03 11:59:21,037 - [test_04_add.py-->line:96] - ERROR: {EqualsAssertionError(1003, 1, '加标失败：借款金额为空')}
2019-12-03 11:59:21,188 - [test_04_add.py-->line:96] - ERROR: {EqualsAssertionError(1003, 1, '加标失败：年利率为空')}
2019-12-03 11:59:21,342 - [test_04_add.py-->line:96] - ERROR: {EqualsAssertionError(1003, 1, '加标失败：借款期限为空')}
2019-12-03 11:59:21,493 - [test_04_add.py-->line:96] - ERROR: {EqualsAssertionError(1003, 1, '加标失败：借款期限类型为空')}
2019-12-03 11:59:21,652 - [test_04_add.py-->line:96] - ERROR: {EqualsAssertionError(1003, 1, '加标失败：竞标天数为空')}
2019-12-03 11:59:21,808 - [test_04_add.py-->line:96] - ERROR: {EqualsAssertionError(1003, 2, '加标失败：借款期限超出45天')}
2019-12-03 11:59:21,975 - [test_04_add.py-->line:96] - ERROR: {EqualsAssertionError(1003, 2, '加标失败：借款期限小于10天')}
2019-12-03 11:59:22,126 - [test_04_add.py-->line:96] - ERROR: {EqualsAssertionError(1003, 2, '加标失败：借款期限大于36个月')}
2019-12-03 11:59:22,278 - [test_04_add.py-->line:96] - ERROR: {EqualsAssertionError(1003, 2, '加标失败：借款期限小于1个月')}
2019-12-03 11:59:22,447 - [test_04_add.py-->line:96] - ERROR: {EqualsAssertionError(1003, 2, '加标失败：竞标天数大于10天')}
2019-12-03 11:59:22,598 - [test_04_add.py-->line:96] - ERROR: {EqualsAssertionError(1003, 2, '加标失败：竞标天数小于1天')}
2019-12-03 11:59:22,750 - [test_04_add.py-->line:96] - ERROR: {EqualsAssertionError(1003, 2, '加标失败：借款期限类型为其他数字')}
2019-12-03 12:34:41,261 - [test_04_add.py-->line:111] - INFO: 不登录：加标，执行结果为：通过
2019-12-03 12:34:41,422 - [test_04_add.py-->line:96] - ERROR: {EqualsAssertionError(1003, 0, '正常登录')}
2019-12-03 12:34:41,574 - [test_04_add.py-->line:96] - ERROR: {EqualsAssertionError(1003, 0, '加标成功')}
2019-12-03 12:34:41,734 - [test_04_add.py-->line:96] - ERROR: {EqualsAssertionError(1003, 1, '加标失败：用户ID为空')}
2019-12-03 12:34:41,895 - [test_04_add.py-->line:96] - ERROR: {EqualsAssertionError(1003, 1, '加标失败：标题为空')}
2019-12-03 12:34:42,062 - [test_04_add.py-->line:96] - ERROR: {EqualsAssertionError(1003, 1, '加标失败：借款金额为空')}
2019-12-03 12:34:42,218 - [test_04_add.py-->line:96] - ERROR: {EqualsAssertionError(1003, 1, '加标失败：年利率为空')}
2019-12-03 12:34:42,371 - [test_04_add.py-->line:96] - ERROR: {EqualsAssertionError(1003, 1, '加标失败：借款期限为空')}
2019-12-03 12:34:42,527 - [test_04_add.py-->line:96] - ERROR: {EqualsAssertionError(1003, 1, '加标失败：借款期限类型为空')}
2019-12-03 12:34:42,690 - [test_04_add.py-->line:96] - ERROR: {EqualsAssertionError(1003, 1, '加标失败：竞标天数为空')}
2019-12-03 12:34:42,848 - [test_04_add.py-->line:96] - ERROR: {EqualsAssertionError(1003, 2, '加标失败：借款期限超出45天')}
2019-12-03 12:34:43,007 - [test_04_add.py-->line:96] - ERROR: {EqualsAssertionError(1003, 2, '加标失败：借款期限小于10天')}
2019-12-03 12:34:43,175 - [test_04_add.py-->line:96] - ERROR: {EqualsAssertionError(1003, 2, '加标失败：借款期限大于36个月')}
2019-12-03 12:34:43,331 - [test_04_add.py-->line:96] - ERROR: {EqualsAssertionError(1003, 2, '加标失败：借款期限小于1个月')}
2019-12-03 12:34:43,508 - [test_04_add.py-->line:96] - ERROR: {EqualsAssertionError(1003, 2, '加标失败：竞标天数大于10天')}
2019-12-03 12:34:43,663 - [test_04_add.py-->line:96] - ERROR: {EqualsAssertionError(1003, 2, '加标失败：竞标天数小于1天')}
2019-12-03 12:34:43,829 - [test_04_add.py-->line:96] - ERROR: {EqualsAssertionError(1003, 2, '加标失败：借款期限类型为其他数字')}
2019-12-03 12:36:26,622 - [test_04_add.py-->line:111] - INFO: 不登录：加标，执行结果为：通过
2019-12-03 12:40:03,891 - [test_04_add.py-->line:111] - INFO: 不登录：加标，执行结果为：通过
2019-12-03 12:40:04,048 - [test_04_add.py-->line:96] - ERROR: {EqualsAssertionError(1001, 0, '正常登录')}
2019-12-03 12:40:04,207 - [test_04_add.py-->line:96] - ERROR: {EqualsAssertionError(1003, 0, '加标成功')}
2019-12-03 12:40:04,374 - [test_04_add.py-->line:96] - ERROR: {EqualsAssertionError(1003, 1, '加标失败：用户ID为空')}
2019-12-03 12:40:04,542 - [test_04_add.py-->line:96] - ERROR: {EqualsAssertionError(1003, 1, '加标失败：标题为空')}
2019-12-03 12:40:04,700 - [test_04_add.py-->line:96] - ERROR: {EqualsAssertionError(1003, 1, '加标失败：借款金额为空')}
2019-12-03 12:40:04,858 - [test_04_add.py-->line:96] - ERROR: {EqualsAssertionError(1003, 1, '加标失败：年利率为空')}
2019-12-03 12:40:05,018 - [test_04_add.py-->line:96] - ERROR: {EqualsAssertionError(1003, 1, '加标失败：借款期限为空')}
2019-12-03 12:40:05,177 - [test_04_add.py-->line:96] - ERROR: {EqualsAssertionError(1003, 1, '加标失败：借款期限类型为空')}
2019-12-03 12:40:05,342 - [test_04_add.py-->line:96] - ERROR: {EqualsAssertionError(1003, 1, '加标失败：竞标天数为空')}
2019-12-03 12:40:05,507 - [test_04_add.py-->line:96] - ERROR: {EqualsAssertionError(1003, 2, '加标失败：借款期限超出45天')}
2019-12-03 12:40:05,667 - [test_04_add.py-->line:96] - ERROR: {EqualsAssertionError(1003, 2, '加标失败：借款期限小于10天')}
2019-12-03 12:40:05,828 - [test_04_add.py-->line:96] - ERROR: {EqualsAssertionError(1003, 2, '加标失败：借款期限大于36个月')}
2019-12-03 12:40:05,987 - [test_04_add.py-->line:96] - ERROR: {EqualsAssertionError(1003, 2, '加标失败：借款期限小于1个月')}
2019-12-03 12:40:06,161 - [test_04_add.py-->line:96] - ERROR: {EqualsAssertionError(1003, 2, '加标失败：竞标天数大于10天')}
2019-12-03 12:40:06,323 - [test_04_add.py-->line:96] - ERROR: {EqualsAssertionError(1003, 2, '加标失败：竞标天数小于1天')}
2019-12-03 12:40:06,489 - [test_04_add.py-->line:96] - ERROR: {EqualsAssertionError(1003, 2, '加标失败：借款期限类型为其他数字')}
2019-12-03 12:41:49,113 - [test_04_add.py-->line:111] - INFO: 不登录：加标，执行结果为：通过
2019-12-03 12:44:56,825 - [test_01_register.py-->line:104] - INFO: 注册成功: 正常，执行结果为：通过
2019-12-03 12:44:57,357 - [test_01_register.py-->line:104] - INFO: 注册成功: 投资人，执行结果为：通过
2019-12-03 12:44:57,910 - [test_01_register.py-->line:104] - INFO: 注册成功: 默认昵称，非管理员，执行结果为：通过
2019-12-03 12:44:58,069 - [test_01_register.py-->line:104] - INFO: 注册失败：手机号为空，执行结果为：通过
2019-12-03 12:44:58,595 - [test_01_register.py-->line:104] - INFO: 注册失败：密码为空，执行结果为：通过
2019-12-03 12:44:59,141 - [test_01_register.py-->line:104] - INFO: 注册失败：密码小于8位，执行结果为：通过
2019-12-03 12:44:59,692 - [test_01_register.py-->line:104] - INFO: 注册失败：密码大于16位，执行结果为：通过
2019-12-03 12:45:00,248 - [test_01_register.py-->line:104] - INFO: 注册失败：昵称长度超过10位，执行结果为：通过
2019-12-03 12:45:00,424 - [test_01_register.py-->line:104] - INFO: 注册失败：手机号已存在，执行结果为：通过
2019-12-03 12:45:00,582 - [test_01_register.py-->line:104] - INFO: 注册失败：手机号不合法，执行结果为：通过
2019-12-03 12:45:00,738 - [test_01_register.py-->line:95] - ERROR: {AssertionError('1 != 2 : 注册失败：手机号不合法，密码为空')}
2019-12-03 12:45:00,983 - [test_02_login.py-->line:106] - INFO: 登录成功: 正常，执行结果为：通过
2019-12-03 12:45:01,144 - [test_02_login.py-->line:97] - ERROR: {AssertionError('2 != 1 : 登录失败: 手机号为空')}
2019-12-03 12:45:01,319 - [test_02_login.py-->line:97] - ERROR: {AssertionError('2 != 1 : 登录失败: 密码为空')}
2019-12-03 12:45:01,482 - [test_02_login.py-->line:106] - INFO: 登录失败: 手机号错误，执行结果为：通过
2019-12-03 12:45:01,642 - [test_02_login.py-->line:106] - INFO: 登录失败: 密码错误，执行结果为：通过
2019-12-03 12:45:02,124 - [test_03_recharge.py-->line:139] - INFO: 不登录：充值，执行结果为：通过
2019-12-03 12:45:02,285 - [test_03_recharge.py-->line:139] - INFO: 正常登录，执行结果为：通过
2019-12-03 12:45:02,744 - [test_03_recharge.py-->line:139] - INFO: 充值成功: 金额为正整数，执行结果为：通过
2019-12-03 12:45:03,160 - [test_03_recharge.py-->line:139] - INFO: 充值成功: 最小值0.01，执行结果为：通过
2019-12-03 12:45:03,579 - [test_03_recharge.py-->line:139] - INFO: 充值成功: 最大值50万，执行结果为：通过
2019-12-03 12:45:03,996 - [test_03_recharge.py-->line:139] - INFO: 充值成功: 金额为小数点后一位，执行结果为：通过
2019-12-03 12:45:04,410 - [test_03_recharge.py-->line:139] - INFO: 充值成功: 金额为小数点后两位，执行结果为：通过
2019-12-03 12:45:04,575 - [test_03_recharge.py-->line:124] - ERROR: {AssertionError('0 != 2 : 充值失败: 金额为0')}
2019-12-03 12:45:04,756 - [test_03_recharge.py-->line:124] - ERROR: {AssertionError('2 != 1 : 充值失败: 金额为空')}
2019-12-03 12:45:04,912 - [test_03_recharge.py-->line:139] - INFO: 充值失败: 金额为负数，执行结果为：通过
2019-12-03 12:45:05,073 - [test_03_recharge.py-->line:139] - INFO: 充值失败: 金额为小数点后三位，执行结果为：通过
2019-12-03 12:45:05,228 - [test_03_recharge.py-->line:139] - INFO: 充值失败: 金额大于50万，执行结果为：通过
2019-12-03 12:45:05,385 - [test_03_recharge.py-->line:139] - INFO: 充值失败: 会员id为空，执行结果为：通过
2019-12-03 12:45:05,561 - [test_03_recharge.py-->line:124] - ERROR: {AssertionError('0 != 2 : 充值失败: 会员id为字符串')}
2019-12-03 12:45:06,106 - [test_03_recharge.py-->line:139] - INFO: 充值失败: 会员id不存在，执行结果为：通过
2019-12-03 12:45:06,340 - [test_04_add.py-->line:111] - INFO: 不登录：加标，执行结果为：通过
2019-12-03 12:45:06,517 - [test_04_add.py-->line:111] - INFO: 正常登录，执行结果为：通过
2019-12-03 12:45:06,685 - [test_04_add.py-->line:111] - INFO: 加标成功，执行结果为：通过
2019-12-03 12:45:06,841 - [test_04_add.py-->line:111] - INFO: 加标失败：用户ID为空，执行结果为：通过
2019-12-03 12:45:07,012 - [test_04_add.py-->line:111] - INFO: 加标失败：标题为空，执行结果为：通过
2019-12-03 12:45:07,167 - [test_04_add.py-->line:111] - INFO: 加标失败：借款金额为空，执行结果为：通过
2019-12-03 12:45:07,323 - [test_04_add.py-->line:111] - INFO: 加标失败：年利率为空，执行结果为：通过
2019-12-03 12:45:07,477 - [test_04_add.py-->line:111] - INFO: 加标失败：借款期限为空，执行结果为：通过
2019-12-03 12:45:07,636 - [test_04_add.py-->line:111] - INFO: 加标失败：借款期限类型为空，执行结果为：通过
2019-12-03 12:45:07,792 - [test_04_add.py-->line:111] - INFO: 加标失败：竞标天数为空，执行结果为：通过
2019-12-03 12:45:07,975 - [test_04_add.py-->line:111] - INFO: 加标失败：借款期限超出45天，执行结果为：通过
2019-12-03 12:45:08,147 - [test_04_add.py-->line:111] - INFO: 加标失败：借款期限小于10天，执行结果为：通过
2019-12-03 12:45:08,318 - [test_04_add.py-->line:111] - INFO: 加标失败：借款期限大于36个月，执行结果为：通过
2019-12-03 12:45:08,477 - [test_04_add.py-->line:111] - INFO: 加标失败：借款期限小于1个月，执行结果为：通过
2019-12-03 12:45:08,631 - [test_04_add.py-->line:111] - INFO: 加标失败：竞标天数大于10天，执行结果为：通过
2019-12-03 12:45:08,804 - [test_04_add.py-->line:111] - INFO: 加标失败：竞标天数小于1天，执行结果为：通过
2019-12-03 12:45:08,969 - [test_04_add.py-->line:111] - INFO: 加标失败：借款期限类型为其他数字，执行结果为：通过
2019-12-03 12:46:25,988 - [test_04_add.py-->line:111] - INFO: 不登录：加标，执行结果为：通过
2019-12-03 12:46:26,143 - [test_04_add.py-->line:111] - INFO: 正常登录，执行结果为：通过
2019-12-03 12:46:26,324 - [test_04_add.py-->line:111] - INFO: 加标成功，执行结果为：通过
2019-12-03 12:46:26,489 - [test_04_add.py-->line:111] - INFO: 加标失败：用户ID为空，执行结果为：通过
2019-12-03 12:46:26,650 - [test_04_add.py-->line:111] - INFO: 加标失败：标题为空，执行结果为：通过
2019-12-03 12:46:26,805 - [test_04_add.py-->line:111] - INFO: 加标失败：借款金额为空，执行结果为：通过
2019-12-03 12:46:26,963 - [test_04_add.py-->line:111] - INFO: 加标失败：年利率为空，执行结果为：通过
2019-12-03 12:46:27,134 - [test_04_add.py-->line:111] - INFO: 加标失败：借款期限为空，执行结果为：通过
2019-12-03 12:46:27,292 - [test_04_add.py-->line:111] - INFO: 加标失败：借款期限类型为空，执行结果为：通过
2019-12-03 12:46:27,451 - [test_04_add.py-->line:111] - INFO: 加标失败：竞标天数为空，执行结果为：通过
2019-12-03 12:46:28,010 - [test_04_add.py-->line:111] - INFO: 加标失败：借款人ID不存在，执行结果为：通过
2019-12-03 12:46:28,167 - [test_04_add.py-->line:111] - INFO: 加标失败：借款期限超出45天，执行结果为：通过
2019-12-03 12:46:28,321 - [test_04_add.py-->line:111] - INFO: 加标失败：借款期限小于10天，执行结果为：通过
2019-12-03 12:46:28,476 - [test_04_add.py-->line:111] - INFO: 加标失败：借款期限大于36个月，执行结果为：通过
2019-12-03 12:46:28,662 - [test_04_add.py-->line:111] - INFO: 加标失败：借款期限小于1个月，执行结果为：通过
2019-12-03 12:46:28,820 - [test_04_add.py-->line:111] - INFO: 加标失败：竞标天数大于10天，执行结果为：通过
2019-12-03 12:46:28,976 - [test_04_add.py-->line:111] - INFO: 加标失败：竞标天数小于1天，执行结果为：通过
2019-12-03 12:46:29,145 - [test_04_add.py-->line:111] - INFO: 加标失败：借款期限类型为其他数字，执行结果为：通过
2019-12-03 12:47:22,004 - [test_01_register.py-->line:104] - INFO: 注册成功: 正常，执行结果为：通过
2019-12-03 12:47:22,538 - [test_01_register.py-->line:104] - INFO: 注册成功: 投资人，执行结果为：通过
2019-12-03 12:47:23,139 - [test_01_register.py-->line:104] - INFO: 注册成功: 默认昵称，非管理员，执行结果为：通过
2019-12-03 12:47:23,312 - [test_01_register.py-->line:104] - INFO: 注册失败：手机号为空，执行结果为：通过
2019-12-03 12:47:23,828 - [test_01_register.py-->line:104] - INFO: 注册失败：密码为空，执行结果为：通过
2019-12-03 12:47:24,350 - [test_01_register.py-->line:104] - INFO: 注册失败：密码小于8位，执行结果为：通过
2019-12-03 12:47:24,906 - [test_01_register.py-->line:104] - INFO: 注册失败：密码大于16位，执行结果为：通过
2019-12-03 12:47:25,485 - [test_01_register.py-->line:104] - INFO: 注册失败：昵称长度超过10位，执行结果为：通过
2019-12-03 12:47:25,643 - [test_01_register.py-->line:104] - INFO: 注册失败：手机号已存在，执行结果为：通过
2019-12-03 12:47:25,809 - [test_01_register.py-->line:104] - INFO: 注册失败：手机号不合法，执行结果为：通过
2019-12-03 12:47:25,965 - [test_01_register.py-->line:95] - ERROR: {AssertionError('1 != 2 : 注册失败：手机号不合法，密码为空')}
2019-12-03 12:47:26,265 - [test_02_login.py-->line:106] - INFO: 登录成功: 正常，执行结果为：通过
2019-12-03 12:47:26,422 - [test_02_login.py-->line:97] - ERROR: {AssertionError('2 != 1 : 登录失败: 手机号为空')}
2019-12-03 12:47:26,594 - [test_02_login.py-->line:97] - ERROR: {AssertionError('2 != 1 : 登录失败: 密码为空')}
2019-12-03 12:47:26,762 - [test_02_login.py-->line:106] - INFO: 登录失败: 手机号错误，执行结果为：通过
2019-12-03 12:47:26,932 - [test_02_login.py-->line:106] - INFO: 登录失败: 密码错误，执行结果为：通过
2019-12-03 12:47:27,409 - [test_03_recharge.py-->line:139] - INFO: 不登录：充值，执行结果为：通过
2019-12-03 12:47:27,582 - [test_03_recharge.py-->line:139] - INFO: 正常登录，执行结果为：通过
2019-12-03 12:47:27,996 - [test_03_recharge.py-->line:139] - INFO: 充值成功: 金额为正整数，执行结果为：通过
2019-12-03 12:47:28,435 - [test_03_recharge.py-->line:139] - INFO: 充值成功: 最小值0.01，执行结果为：通过
2019-12-03 12:47:28,834 - [test_03_recharge.py-->line:139] - INFO: 充值成功: 最大值50万，执行结果为：通过
2019-12-03 12:47:29,235 - [test_03_recharge.py-->line:139] - INFO: 充值成功: 金额为小数点后一位，执行结果为：通过
2019-12-03 12:47:29,641 - [test_03_recharge.py-->line:139] - INFO: 充值成功: 金额为小数点后两位，执行结果为：通过
2019-12-03 12:47:29,824 - [test_03_recharge.py-->line:124] - ERROR: {AssertionError('0 != 2 : 充值失败: 金额为0')}
2019-12-03 12:47:30,012 - [test_03_recharge.py-->line:124] - ERROR: {AssertionError('2 != 1 : 充值失败: 金额为空')}
2019-12-03 12:47:30,166 - [test_03_recharge.py-->line:139] - INFO: 充值失败: 金额为负数，执行结果为：通过
2019-12-03 12:47:30,327 - [test_03_recharge.py-->line:139] - INFO: 充值失败: 金额为小数点后三位，执行结果为：通过
2019-12-03 12:47:30,483 - [test_03_recharge.py-->line:139] - INFO: 充值失败: 金额大于50万，执行结果为：通过
2019-12-03 12:47:30,645 - [test_03_recharge.py-->line:139] - INFO: 充值失败: 会员id为空，执行结果为：通过
2019-12-03 12:47:30,809 - [test_03_recharge.py-->line:124] - ERROR: {AssertionError('0 != 2 : 充值失败: 会员id为字符串')}
2019-12-03 12:47:31,370 - [test_03_recharge.py-->line:139] - INFO: 充值失败: 会员id不存在，执行结果为：通过
2019-12-03 12:47:31,600 - [test_04_add.py-->line:111] - INFO: 不登录：加标，执行结果为：通过
2019-12-03 12:47:31,765 - [test_04_add.py-->line:111] - INFO: 正常登录，执行结果为：通过
2019-12-03 12:47:31,931 - [test_04_add.py-->line:111] - INFO: 加标成功，执行结果为：通过
2019-12-03 12:47:32,088 - [test_04_add.py-->line:111] - INFO: 加标失败：用户ID为空，执行结果为：通过
2019-12-03 12:47:32,272 - [test_04_add.py-->line:111] - INFO: 加标失败：标题为空，执行结果为：通过
2019-12-03 12:47:32,431 - [test_04_add.py-->line:111] - INFO: 加标失败：借款金额为空，执行结果为：通过
2019-12-03 12:47:32,593 - [test_04_add.py-->line:111] - INFO: 加标失败：年利率为空，执行结果为：通过
2019-12-03 12:47:32,755 - [test_04_add.py-->line:111] - INFO: 加标失败：借款期限为空，执行结果为：通过
2019-12-03 12:47:32,916 - [test_04_add.py-->line:111] - INFO: 加标失败：借款期限类型为空，执行结果为：通过
2019-12-03 12:47:33,083 - [test_04_add.py-->line:111] - INFO: 加标失败：竞标天数为空，执行结果为：通过
2019-12-03 12:47:33,639 - [test_04_add.py-->line:111] - INFO: 加标失败：借款人ID不存在，执行结果为：通过
2019-12-03 12:47:33,810 - [test_04_add.py-->line:111] - INFO: 加标失败：借款期限超出45天，执行结果为：通过
2019-12-03 12:47:33,972 - [test_04_add.py-->line:111] - INFO: 加标失败：借款期限小于10天，执行结果为：通过
2019-12-03 12:47:34,140 - [test_04_add.py-->line:111] - INFO: 加标失败：借款期限大于36个月，执行结果为：通过
2019-12-03 12:47:34,300 - [test_04_add.py-->line:111] - INFO: 加标失败：借款期限小于1个月，执行结果为：通过
2019-12-03 12:47:34,497 - [test_04_add.py-->line:111] - INFO: 加标失败：竞标天数大于10天，执行结果为：通过
2019-12-03 12:47:34,672 - [test_04_add.py-->line:111] - INFO: 加标失败：竞标天数小于1天，执行结果为：通过
2019-12-03 12:47:34,832 - [test_04_add.py-->line:111] - INFO: 加标失败：借款期限类型为其他数字，执行结果为：通过
2019-12-03 21:40:55,628 - [test_01_register.py-->line:104] - INFO: 注册成功: 正常，执行结果为：通过
2019-12-03 21:40:56,263 - [test_01_register.py-->line:104] - INFO: 注册成功: 投资人，执行结果为：通过
2019-12-03 21:40:56,822 - [test_01_register.py-->line:104] - INFO: 注册成功: 默认昵称，非管理员，执行结果为：通过
2019-12-03 21:40:57,090 - [test_01_register.py-->line:104] - INFO: 注册失败：手机号为空，执行结果为：通过
2019-12-03 21:40:57,670 - [test_01_register.py-->line:104] - INFO: 注册失败：密码为空，执行结果为：通过
2019-12-03 21:40:58,256 - [test_01_register.py-->line:104] - INFO: 注册失败：密码小于8位，执行结果为：通过
2019-12-03 21:40:58,871 - [test_01_register.py-->line:104] - INFO: 注册失败：密码大于16位，执行结果为：通过
2019-12-03 21:40:59,450 - [test_01_register.py-->line:104] - INFO: 注册失败：昵称长度超过10位，执行结果为：通过
2019-12-03 21:40:59,726 - [test_01_register.py-->line:104] - INFO: 注册失败：手机号已存在，执行结果为：通过
2019-12-03 21:40:59,997 - [test_01_register.py-->line:104] - INFO: 注册失败：手机号不合法，执行结果为：通过
2019-12-03 21:41:00,270 - [test_01_register.py-->line:95] - ERROR: {AssertionError('1 != 2 : 注册失败：手机号不合法，密码为空')}
2019-12-03 21:41:00,620 - [test_02_login.py-->line:106] - INFO: 登录成功: 正常，执行结果为：通过
2019-12-03 21:41:00,882 - [test_02_login.py-->line:97] - ERROR: {AssertionError('2 != 1 : 登录失败: 手机号为空')}
2019-12-03 21:41:01,537 - [test_02_login.py-->line:97] - ERROR: {AssertionError('2 != 1 : 登录失败: 密码为空')}
2019-12-03 21:41:01,813 - [test_02_login.py-->line:106] - INFO: 登录失败: 手机号错误，执行结果为：通过
2019-12-03 21:41:02,068 - [test_02_login.py-->line:106] - INFO: 登录失败: 密码错误，执行结果为：通过
2019-12-03 21:41:02,625 - [test_03_recharge.py-->line:139] - INFO: 不登录：充值，执行结果为：通过
2019-12-03 21:41:02,888 - [test_03_recharge.py-->line:139] - INFO: 正常登录，执行结果为：通过
2019-12-03 21:41:03,428 - [test_03_recharge.py-->line:139] - INFO: 充值成功: 金额为正整数，执行结果为：通过
2019-12-03 21:41:03,946 - [test_03_recharge.py-->line:139] - INFO: 充值成功: 最小值0.01，执行结果为：通过
2019-12-03 21:41:04,483 - [test_03_recharge.py-->line:139] - INFO: 充值成功: 最大值50万，执行结果为：通过
2019-12-03 21:41:04,986 - [test_03_recharge.py-->line:139] - INFO: 充值成功: 金额为小数点后一位，执行结果为：通过
2019-12-03 21:41:05,508 - [test_03_recharge.py-->line:139] - INFO: 充值成功: 金额为小数点后两位，执行结果为：通过
2019-12-03 21:41:05,808 - [test_03_recharge.py-->line:124] - ERROR: {AssertionError('0 != 2 : 充值失败: 金额为0')}
2019-12-03 21:41:06,106 - [test_03_recharge.py-->line:124] - ERROR: {AssertionError('2 != 1 : 充值失败: 金额为空')}
2019-12-03 21:41:06,370 - [test_03_recharge.py-->line:139] - INFO: 充值失败: 金额为负数，执行结果为：通过
2019-12-03 21:41:06,651 - [test_03_recharge.py-->line:139] - INFO: 充值失败: 金额为小数点后三位，执行结果为：通过
2019-12-03 21:41:06,919 - [test_03_recharge.py-->line:139] - INFO: 充值失败: 金额大于50万，执行结果为：通过
2019-12-03 21:41:07,189 - [test_03_recharge.py-->line:139] - INFO: 充值失败: 会员id为空，执行结果为：通过
2019-12-03 21:41:07,503 - [test_03_recharge.py-->line:124] - ERROR: {AssertionError('0 != 2 : 充值失败: 会员id为字符串')}
2019-12-03 21:41:08,140 - [test_03_recharge.py-->line:139] - INFO: 充值失败: 会员id不存在，执行结果为：通过
2019-12-03 21:41:08,481 - [test_04_add.py-->line:109] - INFO: 不登录：加标，执行结果为：通过
2019-12-03 21:41:08,758 - [test_04_add.py-->line:109] - INFO: 正常登录，执行结果为：通过
2019-12-03 21:41:09,038 - [test_04_add.py-->line:109] - INFO: 加标成功，执行结果为：通过
2019-12-03 21:41:09,319 - [test_04_add.py-->line:109] - INFO: 加标失败：用户ID为空，执行结果为：通过
2019-12-03 21:41:09,602 - [test_04_add.py-->line:109] - INFO: 加标失败：标题为空，执行结果为：通过
2019-12-03 21:41:09,874 - [test_04_add.py-->line:109] - INFO: 加标失败：借款金额为空，执行结果为：通过
2019-12-03 21:41:10,150 - [test_04_add.py-->line:109] - INFO: 加标失败：年利率为空，执行结果为：通过
2019-12-03 21:41:10,438 - [test_04_add.py-->line:109] - INFO: 加标失败：借款期限为空，执行结果为：通过
2019-12-03 21:41:10,729 - [test_04_add.py-->line:109] - INFO: 加标失败：借款期限类型为空，执行结果为：通过
2019-12-03 21:41:11,010 - [test_04_add.py-->line:109] - INFO: 加标失败：竞标天数为空，执行结果为：通过
2019-12-03 21:41:11,642 - [test_04_add.py-->line:109] - INFO: 加标失败：借款人ID不存在，执行结果为：通过
2019-12-03 21:41:11,930 - [test_04_add.py-->line:109] - INFO: 加标失败：借款期限超出45天，执行结果为：通过
2019-12-03 21:41:12,241 - [test_04_add.py-->line:109] - INFO: 加标失败：借款期限小于10天，执行结果为：通过
2019-12-03 21:41:12,517 - [test_04_add.py-->line:109] - INFO: 加标失败：借款期限大于36个月，执行结果为：通过
2019-12-03 21:41:12,799 - [test_04_add.py-->line:109] - INFO: 加标失败：借款期限小于1个月，执行结果为：通过
2019-12-03 21:41:13,061 - [test_04_add.py-->line:109] - INFO: 加标失败：竞标天数大于10天，执行结果为：通过
2019-12-03 21:41:13,329 - [test_04_add.py-->line:109] - INFO: 加标失败：竞标天数小于1天，执行结果为：通过
2019-12-03 21:41:13,613 - [test_04_add.py-->line:109] - INFO: 加标失败：借款期限类型为其他数字，执行结果为：通过
2019-12-03 21:43:43,357 - [test_05_invest.py-->line:131] - INFO: 借款人加标，执行结果为：通过
2019-12-03 21:43:43,619 - [test_05_invest.py-->line:102] - ERROR: {EqualsAssertionError(1005, 0, '管理员审核')}
2019-12-03 21:43:43,883 - [test_05_invest.py-->line:131] - INFO: 投资人登录，执行结果为：通过
2019-12-03 21:43:44,123 - [test_05_invest.py-->line:102] - ERROR: {EqualsAssertionError(2, 0, '投资人投资成功')}
2019-12-03 21:47:01,539 - [test_05_invest.py-->line:131] - INFO: 借款人加标，执行结果为：通过
2019-12-03 21:47:01,809 - [test_05_invest.py-->line:102] - ERROR: {EqualsAssertionError(2, 0, '管理员审核')}
2019-12-03 21:47:02,060 - [test_05_invest.py-->line:131] - INFO: 投资人登录，执行结果为：通过
2019-12-03 21:47:02,306 - [test_05_invest.py-->line:102] - ERROR: {EqualsAssertionError(2, 0, '投资人投资成功')}
2019-12-03 22:35:15,443 - [test_05_invest.py-->line:131] - INFO: 借款人加标，执行结果为：通过
2019-12-03 22:35:15,742 - [test_05_invest.py-->line:131] - INFO: 投资人登录，执行结果为：通过
2019-12-03 22:39:47,431 - [test_05_invest.py-->line:133] - INFO: 借款人登录，执行结果为：通过
2019-12-03 22:39:47,705 - [test_05_invest.py-->line:133] - INFO: 借款人加标，执行结果为：通过
2019-12-03 22:39:47,958 - [test_05_invest.py-->line:133] - INFO: 投资人登录，执行结果为：通过
2019-12-03 22:39:48,225 - [test_05_invest.py-->line:133] - INFO: 投资人投资失败-标id为空，执行结果为：通过
2019-12-03 22:41:03,124 - [test_05_invest.py-->line:133] - INFO: 借款人登录，执行结果为：通过
2019-12-03 22:41:03,398 - [test_05_invest.py-->line:133] - INFO: 借款人加标，执行结果为：通过
2019-12-03 22:41:03,664 - [test_05_invest.py-->line:102] - ERROR: {EqualsAssertionError(1001, 0, '管理员登录')}
2019-12-03 22:41:03,952 - [test_05_invest.py-->line:133] - INFO: 投资人登录，执行结果为：通过
2019-12-03 22:41:04,219 - [test_05_invest.py-->line:133] - INFO: 投资人投资失败-标id为空，执行结果为：通过
2019-12-03 22:47:38,191 - [test_05_invest.py-->line:133] - INFO: 借款人登录，执行结果为：通过
2019-12-03 22:47:38,531 - [test_05_invest.py-->line:133] - INFO: 借款人加标，执行结果为：通过
2019-12-03 22:47:38,943 - [test_05_invest.py-->line:133] - INFO: 管理员登录，执行结果为：通过
2019-12-03 22:47:39,357 - [test_05_invest.py-->line:133] - INFO: 投资人登录，执行结果为：通过
2019-12-03 22:47:39,645 - [test_05_invest.py-->line:133] - INFO: 投资人投资失败-标id为空，执行结果为：通过
2019-12-03 22:49:14,698 - [test_05_invest.py-->line:133] - INFO: 借款人登录，执行结果为：通过
2019-12-03 22:49:15,298 - [test_05_invest.py-->line:133] - INFO: 管理员登录，执行结果为：通过
2019-12-03 22:49:15,661 - [test_05_invest.py-->line:133] - INFO: 投资人登录，执行结果为：通过
2019-12-03 22:49:16,039 - [test_05_invest.py-->line:133] - INFO: 投资人投资失败-标id为空，执行结果为：通过
2019-12-03 22:51:51,134 - [test_05_invest.py-->line:133] - INFO: 借款人登录，执行结果为：通过
2019-12-03 22:51:51,600 - [test_05_invest.py-->line:133] - INFO: 借款人加标，执行结果为：通过
2019-12-03 22:51:51,975 - [test_05_invest.py-->line:133] - INFO: 管理员登录，执行结果为：通过
2019-12-03 22:51:52,348 - [test_05_invest.py-->line:133] - INFO: 管理员审核，执行结果为：通过
2019-12-03 22:51:52,763 - [test_05_invest.py-->line:133] - INFO: 投资人登录，执行结果为：通过
2019-12-03 22:51:53,170 - [test_05_invest.py-->line:133] - INFO: 投资人投资成功，执行结果为：通过
2019-12-03 22:51:53,565 - [test_05_invest.py-->line:133] - INFO: 投资人投资失败-用户ID为空，执行结果为：通过
2019-12-03 22:51:53,886 - [test_05_invest.py-->line:133] - INFO: 投资人投资失败-标id为空，执行结果为：通过
2019-12-03 22:51:54,238 - [test_05_invest.py-->line:133] - INFO: 投资人投资失败-投资金额为空，执行结果为：通过
2019-12-03 22:51:54,613 - [test_05_invest.py-->line:133] - INFO: 投资人投资失败-投资金额为负数，执行结果为：通过
2019-12-03 22:51:54,972 - [test_05_invest.py-->line:133] - INFO: 投资人投资失败-投资金额为不能被100整除的正整数，执行结果为：通过
2019-12-03 22:51:55,697 - [test_05_invest.py-->line:133] - INFO: 投资人投资失败-用户ID不存在，执行结果为：通过
2019-12-03 22:51:56,048 - [test_05_invest.py-->line:133] - INFO: 投资人投资失败-投资金额大于项目剩余可投金额，执行结果为：通过
2019-12-03 22:54:34,190 - [test_01_register.py-->line:104] - INFO: 注册成功: 正常，执行结果为：通过
2019-12-03 22:54:34,907 - [test_01_register.py-->line:104] - INFO: 注册成功: 投资人，执行结果为：通过
2019-12-03 22:54:35,599 - [test_01_register.py-->line:104] - INFO: 注册成功: 默认昵称，非管理员，执行结果为：通过
2019-12-03 22:54:35,985 - [test_01_register.py-->line:104] - INFO: 注册失败：手机号为空，执行结果为：通过
2019-12-03 22:54:36,607 - [test_01_register.py-->line:104] - INFO: 注册失败：密码为空，执行结果为：通过
2019-12-03 22:54:37,239 - [test_01_register.py-->line:104] - INFO: 注册失败：密码小于8位，执行结果为：通过
2019-12-03 22:54:37,917 - [test_01_register.py-->line:104] - INFO: 注册失败：密码大于16位，执行结果为：通过
2019-12-03 22:54:38,666 - [test_01_register.py-->line:104] - INFO: 注册失败：昵称长度超过10位，执行结果为：通过
2019-12-03 22:54:39,005 - [test_01_register.py-->line:104] - INFO: 注册失败：手机号已存在，执行结果为：通过
2019-12-03 22:54:39,388 - [test_01_register.py-->line:104] - INFO: 注册失败：手机号不合法，执行结果为：通过
2019-12-03 22:54:39,913 - [test_01_register.py-->line:95] - ERROR: {AssertionError('1 != 2 : 注册失败：手机号不合法，密码为空')}
2019-12-03 22:54:40,375 - [test_02_login.py-->line:106] - INFO: 登录成功: 正常，执行结果为：通过
2019-12-03 22:54:40,800 - [test_02_login.py-->line:97] - ERROR: {AssertionError('2 != 1 : 登录失败: 手机号为空')}
2019-12-03 22:54:41,233 - [test_02_login.py-->line:97] - ERROR: {AssertionError('2 != 1 : 登录失败: 密码为空')}
2019-12-03 22:54:41,695 - [test_02_login.py-->line:106] - INFO: 登录失败: 手机号错误，执行结果为：通过
2019-12-03 22:54:42,163 - [test_02_login.py-->line:106] - INFO: 登录失败: 密码错误，执行结果为：通过
2019-12-03 22:54:42,940 - [test_03_recharge.py-->line:139] - INFO: 不登录：充值，执行结果为：通过
2019-12-03 22:54:43,476 - [test_03_recharge.py-->line:139] - INFO: 正常登录，执行结果为：通过
2019-12-03 22:54:44,189 - [test_03_recharge.py-->line:139] - INFO: 充值成功: 金额为正整数，执行结果为：通过
2019-12-03 22:54:44,956 - [test_03_recharge.py-->line:139] - INFO: 充值成功: 最小值0.01，执行结果为：通过
2019-12-03 22:54:45,654 - [test_03_recharge.py-->line:139] - INFO: 充值成功: 最大值50万，执行结果为：通过
2019-12-03 22:54:46,350 - [test_03_recharge.py-->line:139] - INFO: 充值成功: 金额为小数点后一位，执行结果为：通过
2019-12-03 22:54:47,071 - [test_03_recharge.py-->line:139] - INFO: 充值成功: 金额为小数点后两位，执行结果为：通过
2019-12-03 22:54:47,557 - [test_03_recharge.py-->line:124] - ERROR: {AssertionError('0 != 2 : 充值失败: 金额为0')}
2019-12-03 22:54:47,957 - [test_03_recharge.py-->line:124] - ERROR: {AssertionError('2 != 1 : 充值失败: 金额为空')}
2019-12-03 22:54:48,316 - [test_03_recharge.py-->line:139] - INFO: 充值失败: 金额为负数，执行结果为：通过
2019-12-03 22:54:48,666 - [test_03_recharge.py-->line:139] - INFO: 充值失败: 金额为小数点后三位，执行结果为：通过
2019-12-03 22:54:49,019 - [test_03_recharge.py-->line:139] - INFO: 充值失败: 金额大于50万，执行结果为：通过
2019-12-03 22:54:49,344 - [test_03_recharge.py-->line:139] - INFO: 充值失败: 会员id为空，执行结果为：通过
2019-12-03 22:54:49,729 - [test_03_recharge.py-->line:124] - ERROR: {AssertionError('0 != 2 : 充值失败: 会员id为字符串')}
2019-12-03 22:54:50,422 - [test_03_recharge.py-->line:139] - INFO: 充值失败: 会员id不存在，执行结果为：通过
2019-12-03 22:54:50,847 - [test_04_add.py-->line:109] - INFO: 不登录：加标，执行结果为：通过
2019-12-03 22:54:51,236 - [test_04_add.py-->line:109] - INFO: 正常登录，执行结果为：通过
2019-12-03 22:54:51,600 - [test_04_add.py-->line:109] - INFO: 加标成功，执行结果为：通过
2019-12-03 22:54:51,966 - [test_04_add.py-->line:109] - INFO: 加标失败：用户ID为空，执行结果为：通过
2019-12-03 22:54:52,347 - [test_04_add.py-->line:109] - INFO: 加标失败：标题为空，执行结果为：通过
2019-12-03 22:54:52,729 - [test_04_add.py-->line:109] - INFO: 加标失败：借款金额为空，执行结果为：通过
2019-12-03 22:54:53,145 - [test_04_add.py-->line:109] - INFO: 加标失败：年利率为空，执行结果为：通过
2019-12-03 22:54:53,546 - [test_04_add.py-->line:109] - INFO: 加标失败：借款期限为空，执行结果为：通过
2019-12-03 22:54:53,913 - [test_04_add.py-->line:109] - INFO: 加标失败：借款期限类型为空，执行结果为：通过
2019-12-03 22:54:54,247 - [test_04_add.py-->line:109] - INFO: 加标失败：竞标天数为空，执行结果为：通过
2019-12-03 22:54:54,965 - [test_04_add.py-->line:109] - INFO: 加标失败：借款人ID不存在，执行结果为：通过
2019-12-03 22:54:55,342 - [test_04_add.py-->line:109] - INFO: 加标失败：借款期限超出45天，执行结果为：通过
2019-12-03 22:54:55,697 - [test_04_add.py-->line:109] - INFO: 加标失败：借款期限小于10天，执行结果为：通过
2019-12-03 22:54:56,092 - [test_04_add.py-->line:109] - INFO: 加标失败：借款期限大于36个月，执行结果为：通过
2019-12-03 22:54:56,433 - [test_04_add.py-->line:109] - INFO: 加标失败：借款期限小于1个月，执行结果为：通过
2019-12-03 22:54:56,824 - [test_04_add.py-->line:109] - INFO: 加标失败：竞标天数大于10天，执行结果为：通过
2019-12-03 22:54:57,183 - [test_04_add.py-->line:109] - INFO: 加标失败：竞标天数小于1天，执行结果为：通过
2019-12-03 22:54:57,527 - [test_04_add.py-->line:109] - INFO: 加标失败：借款期限类型为其他数字，执行结果为：通过
2019-12-03 22:54:58,159 - [test_05_invest.py-->line:133] - INFO: 借款人登录，执行结果为：通过
2019-12-03 22:54:58,623 - [test_05_invest.py-->line:133] - INFO: 借款人加标，执行结果为：通过
2019-12-03 22:54:58,988 - [test_05_invest.py-->line:133] - INFO: 管理员登录，执行结果为：通过
2019-12-03 22:54:59,345 - [test_05_invest.py-->line:133] - INFO: 管理员审核，执行结果为：通过
2019-12-03 22:54:59,711 - [test_05_invest.py-->line:133] - INFO: 投资人登录，执行结果为：通过
2019-12-03 22:55:00,054 - [test_05_invest.py-->line:133] - INFO: 投资人投资成功，执行结果为：通过
2019-12-03 22:55:00,406 - [test_05_invest.py-->line:133] - INFO: 投资人投资失败-用户ID为空，执行结果为：通过
2019-12-03 22:55:00,712 - [test_05_invest.py-->line:133] - INFO: 投资人投资失败-标id为空，执行结果为：通过
2019-12-03 22:55:01,093 - [test_05_invest.py-->line:133] - INFO: 投资人投资失败-投资金额为空，执行结果为：通过
2019-12-03 22:55:01,438 - [test_05_invest.py-->line:133] - INFO: 投资人投资失败-投资金额为负数，执行结果为：通过
2019-12-03 22:55:01,754 - [test_05_invest.py-->line:133] - INFO: 投资人投资失败-投资金额为不能被100整除的正整数，执行结果为：通过
2019-12-03 22:55:02,444 - [test_05_invest.py-->line:133] - INFO: 投资人投资失败-用户ID不存在，执行结果为：通过
2019-12-03 22:55:02,765 - [test_05_invest.py-->line:133] - INFO: 投资人投资失败-投资金额大于项目剩余可投金额，执行结果为：通过
2019-12-04 10:28:54,657 - [test_04_add.py-->line:109] - INFO: 不登录：加标，执行结果为：通过
2019-12-04 10:28:54,884 - [test_04_add.py-->line:109] - INFO: 正常登录，执行结果为：通过
2019-12-04 10:28:55,114 - [test_04_add.py-->line:109] - INFO: 加标成功，执行结果为：通过
2019-12-04 10:28:55,351 - [test_04_add.py-->line:109] - INFO: 加标失败：用户ID为空，执行结果为：通过
2019-12-04 10:28:55,586 - [test_04_add.py-->line:109] - INFO: 加标失败：标题为空，执行结果为：通过
2019-12-04 10:28:55,831 - [test_04_add.py-->line:109] - INFO: 加标失败：借款金额为空，执行结果为：通过
2019-12-04 10:28:56,066 - [test_04_add.py-->line:109] - INFO: 加标失败：年利率为空，执行结果为：通过
2019-12-04 10:28:56,293 - [test_04_add.py-->line:109] - INFO: 加标失败：借款期限为空，执行结果为：通过
2019-12-04 10:28:56,517 - [test_04_add.py-->line:109] - INFO: 加标失败：借款期限类型为空，执行结果为：通过
2019-12-04 10:28:56,748 - [test_04_add.py-->line:109] - INFO: 加标失败：竞标天数为空，执行结果为：通过
2019-12-04 10:28:57,355 - [test_04_add.py-->line:109] - INFO: 加标失败：借款人ID不存在，执行结果为：通过
2019-12-04 10:28:57,583 - [test_04_add.py-->line:109] - INFO: 加标失败：借款期限超出45天，执行结果为：通过
2019-12-04 10:28:57,839 - [test_04_add.py-->line:109] - INFO: 加标失败：借款期限小于10天，执行结果为：通过
2019-12-04 10:28:58,085 - [test_04_add.py-->line:109] - INFO: 加标失败：借款期限大于36个月，执行结果为：通过
2019-12-04 10:28:58,325 - [test_04_add.py-->line:109] - INFO: 加标失败：借款期限小于1个月，执行结果为：通过
2019-12-04 10:28:58,550 - [test_04_add.py-->line:109] - INFO: 加标失败：竞标天数大于10天，执行结果为：通过
2019-12-04 10:28:58,804 - [test_04_add.py-->line:109] - INFO: 加标失败：竞标天数小于1天，执行结果为：通过
2019-12-04 10:28:59,028 - [test_04_add.py-->line:109] - INFO: 加标失败：借款期限类型为其他数字，执行结果为：通过
2019-12-04 10:49:45,019 - [test_05_invest.py-->line:133] - INFO: 借款人登录，执行结果为：通过
2019-12-04 10:49:45,329 - [test_05_invest.py-->line:133] - INFO: 借款人加标，执行结果为：通过
2019-12-04 10:49:45,504 - [test_05_invest.py-->line:133] - INFO: 管理员登录，执行结果为：通过
2019-12-04 10:49:45,702 - [test_05_invest.py-->line:133] - INFO: 管理员审核，执行结果为：通过
2019-12-04 10:49:45,882 - [test_05_invest.py-->line:133] - INFO: 投资人登录，执行结果为：通过
2019-12-04 10:49:46,069 - [test_05_invest.py-->line:133] - INFO: 投资人投资成功，执行结果为：通过
2019-12-04 10:49:46,245 - [test_05_invest.py-->line:133] - INFO: 投资人投资失败-用户ID为空，执行结果为：通过
2019-12-04 10:49:46,414 - [test_05_invest.py-->line:133] - INFO: 投资人投资失败-标id为空，执行结果为：通过
2019-12-04 10:49:46,601 - [test_05_invest.py-->line:133] - INFO: 投资人投资失败-投资金额为空，执行结果为：通过
2019-12-04 10:49:46,771 - [test_05_invest.py-->line:133] - INFO: 投资人投资失败-投资金额为负数，执行结果为：通过
2019-12-04 10:49:46,944 - [test_05_invest.py-->line:133] - INFO: 投资人投资失败-投资金额为不能被100整除的正整数，执行结果为：通过
2019-12-04 10:49:47,503 - [test_05_invest.py-->line:133] - INFO: 投资人投资失败-用户ID不存在，执行结果为：通过
2019-12-04 10:49:47,693 - [test_05_invest.py-->line:133] - INFO: 投资人投资失败-投资金额大于项目剩余可投金额，执行结果为：通过
2019-12-04 10:49:48,257 - [test_05_invest.py-->line:133] - INFO: 投资人投资失败-标id不存在，执行结果为：通过
